20-Dec-2018 09:50:18.035 信息 [main] org.apache.catalina.startup.VersionLoggerListener.log Server version:        Apache Tomcat/@VERSION@
20-Dec-2018 09:50:18.132 信息 [main] org.apache.catalina.startup.VersionLoggerListener.log Server built:          @VERSION_BUILT@
20-Dec-2018 09:50:18.132 信息 [main] org.apache.catalina.startup.VersionLoggerListener.log Server number:         @VERSION_NUMBER@
20-Dec-2018 09:50:18.132 信息 [main] org.apache.catalina.startup.VersionLoggerListener.log OS Name:               Windows 7
20-Dec-2018 09:50:18.132 信息 [main] org.apache.catalina.startup.VersionLoggerListener.log OS Version:            6.1
20-Dec-2018 09:50:18.132 信息 [main] org.apache.catalina.startup.VersionLoggerListener.log Architecture:          amd64
20-Dec-2018 09:50:18.132 信息 [main] org.apache.catalina.startup.VersionLoggerListener.log Java Home:             C:\Program Files\Java\jdk1.8.0_131\jre
20-Dec-2018 09:50:18.132 信息 [main] org.apache.catalina.startup.VersionLoggerListener.log JVM Version:           1.8.0_131-b11
20-Dec-2018 09:50:18.132 信息 [main] org.apache.catalina.startup.VersionLoggerListener.log JVM Vendor:            Oracle Corporation
20-Dec-2018 09:50:18.133 信息 [main] org.apache.catalina.startup.VersionLoggerListener.log CATALINA_BASE:         E:\PythonWork\notes\Python\鲁班学院\Tomcat\code\catalina-home
20-Dec-2018 09:50:18.133 信息 [main] org.apache.catalina.startup.VersionLoggerListener.log CATALINA_HOME:         E:\PythonWork\notes\Python\鲁班学院\Tomcat\code\catalina-home
20-Dec-2018 09:50:18.133 信息 [main] org.apache.catalina.startup.VersionLoggerListener.log Command line argument: -Dcatalina.home=catalina-home
20-Dec-2018 09:50:18.133 信息 [main] org.apache.catalina.startup.VersionLoggerListener.log Command line argument: -Dcatalina.base=catalina-home
20-Dec-2018 09:50:18.133 信息 [main] org.apache.catalina.startup.VersionLoggerListener.log Command line argument: -Djava.endorsed.dirs=catalina-home/endorsed
20-Dec-2018 09:50:18.133 信息 [main] org.apache.catalina.startup.VersionLoggerListener.log Command line argument: -Djava.io.tmpdir=catalina-home/temp
20-Dec-2018 09:50:18.133 信息 [main] org.apache.catalina.startup.VersionLoggerListener.log Command line argument: -Djava.util.logging.manager=org.apache.juli.ClassLoaderLogManager
20-Dec-2018 09:50:18.133 信息 [main] org.apache.catalina.startup.VersionLoggerListener.log Command line argument: -Djava.util.logging.config.file=catalina-home/conf/logging.properties
20-Dec-2018 09:50:18.134 信息 [main] org.apache.catalina.startup.VersionLoggerListener.log Command line argument: -javaagent:E:\JAVAWork\IDEAInstall\IntelliJ IDEA 2018.3\lib\idea_rt.jar=53877:E:\JAVAWork\IDEAInstall\IntelliJ IDEA 2018.3\bin
20-Dec-2018 09:50:18.134 信息 [main] org.apache.catalina.startup.VersionLoggerListener.log Command line argument: -Dfile.encoding=UTF-8
20-Dec-2018 09:50:18.134 信息 [main] org.apache.catalina.core.AprLifecycleListener.lifecycleEvent The APR based Apache Tomcat Native library which allows optimal performance in production environments was not found on the java.library.path: [C:\Program Files\Java\jdk1.8.0_131\jre\bin;C:\Windows\Sun\Java\bin;C:\Windows\system32;C:\Windows;E:\PythonWork\PythonInstall\Scripts\;E:\PythonWork\PythonInstall\;C:\Program Files\Java\jdk1.8.0_131\bin;C:\Program Files\Java\jdk1.8.0_131\jre\bin;C:\ProgramData\Oracle\Java\javapath;C:\Windows\system32;C:\Windows;C:\Windows\System32\Wbem;C:\Windows\System32\WindowsPowerShell\v1.0\;C:\Program Files\MySQL\MySQL Utilities 1.6\;E:\JAVAWork\Maven\apache-maven-3.5.2\bin;E:\JAVAWork\GitInstall\Git\cmd;E:\JAVAWork\SVNClient\bin;C:\Program Files (x86)\pycSafefile\x64;E:\JAVAWork\Gradle\gradle-4.9\bin;;.]
20-Dec-2018 09:50:18.659 信息 [main] org.apache.coyote.AbstractProtocol.init Initializing ProtocolHandler ["http-nio-8080"]
20-Dec-2018 09:50:19.006 信息 [main] org.apache.tomcat.util.net.NioSelectorPool.getSharedSelector Using a shared selector for servlet write/read
20-Dec-2018 09:50:19.023 信息 [main] org.apache.coyote.AbstractProtocol.init Initializing ProtocolHandler ["ajp-nio-8009"]
20-Dec-2018 09:50:19.026 信息 [main] org.apache.tomcat.util.net.NioSelectorPool.getSharedSelector Using a shared selector for servlet write/read
20-Dec-2018 09:50:19.027 信息 [main] org.apache.catalina.startup.Catalina.load Initialization processed in 2261 ms
20-Dec-2018 09:50:19.117 信息 [main] org.apache.catalina.core.StandardService.startInternal Starting service [Catalina]
20-Dec-2018 09:50:19.117 信息 [main] org.apache.catalina.core.StandardEngine.startInternal Starting Servlet Engine: Apache Tomcat/@VERSION@
20-Dec-2018 09:50:19.135 信息 [localhost-startStop-1] org.apache.catalina.startup.HostConfig.deployDirectory Deploying web application directory [E:\PythonWork\notes\Python\鲁班学院\Tomcat\code\catalina-home\webapps\docs]
20-Dec-2018 09:50:19.980 信息 [localhost-startStop-1] org.apache.jasper.servlet.TldScanner.scanJars At least one JAR was scanned for TLDs yet contained no TLDs. Enable debug logging for this logger for a complete list of JARs that were scanned but no TLDs were found in them. Skipping unneeded JARs during scanning can improve startup time and JSP compilation time.
20-Dec-2018 09:50:20.027 信息 [localhost-startStop-1] org.apache.catalina.startup.HostConfig.deployDirectory Deployment of web application directory [E:\PythonWork\notes\Python\鲁班学院\Tomcat\code\catalina-home\webapps\docs] has finished in [882] ms
20-Dec-2018 09:50:20.027 信息 [localhost-startStop-1] org.apache.catalina.startup.HostConfig.deployDirectory Deploying web application directory [E:\PythonWork\notes\Python\鲁班学院\Tomcat\code\catalina-home\webapps\examples]
20-Dec-2018 09:50:20.451 信息 [localhost-startStop-1] org.apache.jasper.servlet.TldScanner.scanJars At least one JAR was scanned for TLDs yet contained no TLDs. Enable debug logging for this logger for a complete list of JARs that were scanned but no TLDs were found in them. Skipping unneeded JARs during scanning can improve startup time and JSP compilation time.
20-Dec-2018 09:50:20.476 严重 [localhost-startStop-1] org.apache.catalina.core.StandardContext.startInternal One or more listeners failed to start. Full details will be found in the appropriate container log file
20-Dec-2018 09:50:20.478 严重 [localhost-startStop-1] org.apache.catalina.core.StandardContext.startInternal Context [/examples] startup failed due to previous errors
20-Dec-2018 09:50:20.577 信息 [localhost-startStop-1] org.apache.catalina.startup.HostConfig.deployDirectory Deployment of web application directory [E:\PythonWork\notes\Python\鲁班学院\Tomcat\code\catalina-home\webapps\examples] has finished in [550] ms
20-Dec-2018 09:50:20.577 信息 [localhost-startStop-1] org.apache.catalina.startup.HostConfig.deployDirectory Deploying web application directory [E:\PythonWork\notes\Python\鲁班学院\Tomcat\code\catalina-home\webapps\host-manager]
20-Dec-2018 09:50:20.733 信息 [localhost-startStop-1] org.apache.jasper.servlet.TldScanner.scanJars At least one JAR was scanned for TLDs yet contained no TLDs. Enable debug logging for this logger for a complete list of JARs that were scanned but no TLDs were found in them. Skipping unneeded JARs during scanning can improve startup time and JSP compilation time.
20-Dec-2018 09:50:20.745 信息 [localhost-startStop-1] org.apache.catalina.startup.HostConfig.deployDirectory Deployment of web application directory [E:\PythonWork\notes\Python\鲁班学院\Tomcat\code\catalina-home\webapps\host-manager] has finished in [168] ms
20-Dec-2018 09:50:20.745 信息 [localhost-startStop-1] org.apache.catalina.startup.HostConfig.deployDirectory Deploying web application directory [E:\PythonWork\notes\Python\鲁班学院\Tomcat\code\catalina-home\webapps\manager]
20-Dec-2018 09:50:20.889 信息 [localhost-startStop-1] org.apache.jasper.servlet.TldScanner.scanJars At least one JAR was scanned for TLDs yet contained no TLDs. Enable debug logging for this logger for a complete list of JARs that were scanned but no TLDs were found in them. Skipping unneeded JARs during scanning can improve startup time and JSP compilation time.
20-Dec-2018 09:50:20.891 信息 [localhost-startStop-1] org.apache.catalina.startup.HostConfig.deployDirectory Deployment of web application directory [E:\PythonWork\notes\Python\鲁班学院\Tomcat\code\catalina-home\webapps\manager] has finished in [146] ms
20-Dec-2018 09:50:20.892 信息 [localhost-startStop-1] org.apache.catalina.startup.HostConfig.deployDirectory Deploying web application directory [E:\PythonWork\notes\Python\鲁班学院\Tomcat\code\catalina-home\webapps\ROOT]
20-Dec-2018 09:50:20.995 信息 [localhost-startStop-1] org.apache.jasper.servlet.TldScanner.scanJars At least one JAR was scanned for TLDs yet contained no TLDs. Enable debug logging for this logger for a complete list of JARs that were scanned but no TLDs were found in them. Skipping unneeded JARs during scanning can improve startup time and JSP compilation time.
20-Dec-2018 09:50:21.003 信息 [localhost-startStop-1] org.apache.catalina.startup.HostConfig.deployDirectory Deployment of web application directory [E:\PythonWork\notes\Python\鲁班学院\Tomcat\code\catalina-home\webapps\ROOT] has finished in [111] ms
20-Dec-2018 09:50:21.021 信息 [main] org.apache.coyote.AbstractProtocol.start Starting ProtocolHandler ["http-nio-8080"]
20-Dec-2018 09:50:21.036 信息 [main] org.apache.coyote.AbstractProtocol.start Starting ProtocolHandler ["ajp-nio-8009"]
20-Dec-2018 09:50:21.039 信息 [main] org.apache.catalina.startup.Catalina.start Server startup in 2012 ms
20-Dec-2018 09:58:52.183 信息 [main] org.apache.catalina.startup.VersionLoggerListener.log Server version:        Apache Tomcat/@VERSION@
20-Dec-2018 09:58:52.188 信息 [main] org.apache.catalina.startup.VersionLoggerListener.log Server built:          @VERSION_BUILT@
20-Dec-2018 09:58:52.189 信息 [main] org.apache.catalina.startup.VersionLoggerListener.log Server number:         @VERSION_NUMBER@
20-Dec-2018 09:58:52.189 信息 [main] org.apache.catalina.startup.VersionLoggerListener.log OS Name:               Windows 7
20-Dec-2018 09:58:52.189 信息 [main] org.apache.catalina.startup.VersionLoggerListener.log OS Version:            6.1
20-Dec-2018 09:58:52.189 信息 [main] org.apache.catalina.startup.VersionLoggerListener.log Architecture:          amd64
20-Dec-2018 09:58:52.189 信息 [main] org.apache.catalina.startup.VersionLoggerListener.log Java Home:             C:\Program Files\Java\jdk1.8.0_131\jre
20-Dec-2018 09:58:52.189 信息 [main] org.apache.catalina.startup.VersionLoggerListener.log JVM Version:           1.8.0_131-b11
20-Dec-2018 09:58:52.189 信息 [main] org.apache.catalina.startup.VersionLoggerListener.log JVM Vendor:            Oracle Corporation
20-Dec-2018 09:58:52.189 信息 [main] org.apache.catalina.startup.VersionLoggerListener.log CATALINA_BASE:         E:\PythonWork\notes\Python\鲁班学院\Tomcat\code\catalina-home
20-Dec-2018 09:58:52.189 信息 [main] org.apache.catalina.startup.VersionLoggerListener.log CATALINA_HOME:         E:\PythonWork\notes\Python\鲁班学院\Tomcat\code\catalina-home
20-Dec-2018 09:58:52.190 信息 [main] org.apache.catalina.startup.VersionLoggerListener.log Command line argument: -Dcatalina.home=catalina-home
20-Dec-2018 09:58:52.190 信息 [main] org.apache.catalina.startup.VersionLoggerListener.log Command line argument: -Dcatalina.base=catalina-home
20-Dec-2018 09:58:52.190 信息 [main] org.apache.catalina.startup.VersionLoggerListener.log Command line argument: -Djava.endorsed.dirs=catalina-home/endorsed
20-Dec-2018 09:58:52.190 信息 [main] org.apache.catalina.startup.VersionLoggerListener.log Command line argument: -Djava.io.tmpdir=catalina-home/temp
20-Dec-2018 09:58:52.190 信息 [main] org.apache.catalina.startup.VersionLoggerListener.log Command line argument: -Djava.util.logging.manager=org.apache.juli.ClassLoaderLogManager
20-Dec-2018 09:58:52.190 信息 [main] org.apache.catalina.startup.VersionLoggerListener.log Command line argument: -Djava.util.logging.config.file=catalina-home/conf/logging.properties
20-Dec-2018 09:58:52.190 信息 [main] org.apache.catalina.startup.VersionLoggerListener.log Command line argument: -javaagent:E:\JAVAWork\IDEAInstall\IntelliJ IDEA 2018.3\lib\idea_rt.jar=55721:E:\JAVAWork\IDEAInstall\IntelliJ IDEA 2018.3\bin
20-Dec-2018 09:58:52.191 信息 [main] org.apache.catalina.startup.VersionLoggerListener.log Command line argument: -Dfile.encoding=UTF-8
20-Dec-2018 09:58:52.191 信息 [main] org.apache.catalina.core.AprLifecycleListener.lifecycleEvent The APR based Apache Tomcat Native library which allows optimal performance in production environments was not found on the java.library.path: [C:\Program Files\Java\jdk1.8.0_131\jre\bin;C:\Windows\Sun\Java\bin;C:\Windows\system32;C:\Windows;E:\PythonWork\PythonInstall\Scripts\;E:\PythonWork\PythonInstall\;C:\Program Files\Java\jdk1.8.0_131\bin;C:\Program Files\Java\jdk1.8.0_131\jre\bin;C:\ProgramData\Oracle\Java\javapath;C:\Windows\system32;C:\Windows;C:\Windows\System32\Wbem;C:\Windows\System32\WindowsPowerShell\v1.0\;C:\Program Files\MySQL\MySQL Utilities 1.6\;E:\JAVAWork\Maven\apache-maven-3.5.2\bin;E:\JAVAWork\GitInstall\Git\cmd;E:\JAVAWork\SVNClient\bin;C:\Program Files (x86)\pycSafefile\x64;E:\JAVAWork\Gradle\gradle-4.9\bin;;.]
20-Dec-2018 09:58:52.382 信息 [main] org.apache.coyote.AbstractProtocol.init Initializing ProtocolHandler ["http-nio-8080"]
20-Dec-2018 09:58:52.454 严重 [main] org.apache.catalina.core.StandardService.initInternal Failed to initialize connector [Connector[HTTP/1.1-8080]]
 org.apache.catalina.LifecycleException: Failed to initialize component [Connector[HTTP/1.1-8080]]
	at org.apache.catalina.util.LifecycleBase.init(LifecycleBase.java:112)
	at org.apache.catalina.core.StandardService.initInternal(StandardService.java:553)
	at org.apache.catalina.util.LifecycleBase.init(LifecycleBase.java:107)
	at org.apache.catalina.core.StandardServer.initInternal(StandardServer.java:878)
	at org.apache.catalina.util.LifecycleBase.init(LifecycleBase.java:107)
	at org.apache.catalina.startup.Catalina.load(Catalina.java:643)
	at sun.reflect.NativeMethodAccessorImpl.invoke0(Native Method)
	at sun.reflect.NativeMethodAccessorImpl.invoke(NativeMethodAccessorImpl.java:62)
	at sun.reflect.DelegatingMethodAccessorImpl.invoke(DelegatingMethodAccessorImpl.java:43)
	at java.lang.reflect.Method.invoke(Method.java:498)
	at org.apache.catalina.startup.Bootstrap.load(Bootstrap.java:338)
	at org.apache.catalina.startup.Bootstrap.main(Bootstrap.java:537)
Caused by: org.apache.catalina.LifecycleException: Protocol handler initialization failed
	at org.apache.catalina.connector.Connector.initInternal(Connector.java:996)
	at org.apache.catalina.util.LifecycleBase.init(LifecycleBase.java:107)
	... 11 more
Caused by: java.net.BindException: Address already in use: bind
	at sun.nio.ch.Net.bind0(Native Method)
	at sun.nio.ch.Net.bind(Net.java:433)
	at sun.nio.ch.Net.bind(Net.java:425)
	at sun.nio.ch.ServerSocketChannelImpl.bind(ServerSocketChannelImpl.java:223)
	at sun.nio.ch.ServerSocketAdaptor.bind(ServerSocketAdaptor.java:74)
	at org.apache.tomcat.util.net.NioEndpoint.bind(NioEndpoint.java:219)
	at org.apache.tomcat.util.net.AbstractEndpoint.init(AbstractEndpoint.java:1087)
	at org.apache.tomcat.util.net.AbstractJsseEndpoint.init(AbstractJsseEndpoint.java:265)
	at org.apache.coyote.AbstractProtocol.init(AbstractProtocol.java:581)
	at org.apache.coyote.http11.AbstractHttp11Protocol.init(AbstractHttp11Protocol.java:68)
	at org.apache.catalina.connector.Connector.initInternal(Connector.java:994)
	... 12 more

20-Dec-2018 09:58:52.455 信息 [main] org.apache.coyote.AbstractProtocol.init Initializing ProtocolHandler ["ajp-nio-8009"]
20-Dec-2018 09:58:52.457 严重 [main] org.apache.catalina.core.StandardService.initInternal Failed to initialize connector [Connector[AJP/1.3-8009]]
 org.apache.catalina.LifecycleException: Failed to initialize component [Connector[AJP/1.3-8009]]
	at org.apache.catalina.util.LifecycleBase.init(LifecycleBase.java:112)
	at org.apache.catalina.core.StandardService.initInternal(StandardService.java:553)
	at org.apache.catalina.util.LifecycleBase.init(LifecycleBase.java:107)
	at org.apache.catalina.core.StandardServer.initInternal(StandardServer.java:878)
	at org.apache.catalina.util.LifecycleBase.init(LifecycleBase.java:107)
	at org.apache.catalina.startup.Catalina.load(Catalina.java:643)
	at sun.reflect.NativeMethodAccessorImpl.invoke0(Native Method)
	at sun.reflect.NativeMethodAccessorImpl.invoke(NativeMethodAccessorImpl.java:62)
	at sun.reflect.DelegatingMethodAccessorImpl.invoke(DelegatingMethodAccessorImpl.java:43)
	at java.lang.reflect.Method.invoke(Method.java:498)
	at org.apache.catalina.startup.Bootstrap.load(Bootstrap.java:338)
	at org.apache.catalina.startup.Bootstrap.main(Bootstrap.java:537)
Caused by: org.apache.catalina.LifecycleException: Protocol handler initialization failed
	at org.apache.catalina.connector.Connector.initInternal(Connector.java:996)
	at org.apache.catalina.util.LifecycleBase.init(LifecycleBase.java:107)
	... 11 more
Caused by: java.net.BindException: Address already in use: bind
	at sun.nio.ch.Net.bind0(Native Method)
	at sun.nio.ch.Net.bind(Net.java:433)
	at sun.nio.ch.Net.bind(Net.java:425)
	at sun.nio.ch.ServerSocketChannelImpl.bind(ServerSocketChannelImpl.java:223)
	at sun.nio.ch.ServerSocketAdaptor.bind(ServerSocketAdaptor.java:74)
	at org.apache.tomcat.util.net.NioEndpoint.bind(NioEndpoint.java:219)
	at org.apache.tomcat.util.net.AbstractEndpoint.init(AbstractEndpoint.java:1087)
	at org.apache.tomcat.util.net.AbstractJsseEndpoint.init(AbstractJsseEndpoint.java:265)
	at org.apache.coyote.AbstractProtocol.init(AbstractProtocol.java:581)
	at org.apache.catalina.connector.Connector.initInternal(Connector.java:994)
	... 12 more

20-Dec-2018 09:58:52.458 信息 [main] org.apache.catalina.startup.Catalina.load Initialization processed in 821 ms
20-Dec-2018 09:58:52.541 信息 [main] org.apache.catalina.core.StandardService.startInternal Starting service [Catalina]
20-Dec-2018 09:58:52.542 信息 [main] org.apache.catalina.core.StandardEngine.startInternal Starting Servlet Engine: Apache Tomcat/@VERSION@
20-Dec-2018 09:58:52.558 信息 [localhost-startStop-1] org.apache.catalina.startup.HostConfig.deployDirectory Deploying web application directory [E:\PythonWork\notes\Python\鲁班学院\Tomcat\code\catalina-home\webapps\docs]
20-Dec-2018 09:58:53.321 信息 [localhost-startStop-1] org.apache.jasper.servlet.TldScanner.scanJars At least one JAR was scanned for TLDs yet contained no TLDs. Enable debug logging for this logger for a complete list of JARs that were scanned but no TLDs were found in them. Skipping unneeded JARs during scanning can improve startup time and JSP compilation time.
20-Dec-2018 09:58:53.682 警告 [localhost-startStop-1] org.apache.catalina.util.SessionIdGeneratorBase.createSecureRandom Creation of SecureRandom instance for session ID generation using [SHA1PRNG] took [356] milliseconds.
20-Dec-2018 09:58:53.711 信息 [localhost-startStop-1] org.apache.catalina.startup.HostConfig.deployDirectory Deployment of web application directory [E:\PythonWork\notes\Python\鲁班学院\Tomcat\code\catalina-home\webapps\docs] has finished in [1,152] ms
20-Dec-2018 09:58:53.711 信息 [localhost-startStop-1] org.apache.catalina.startup.HostConfig.deployDirectory Deploying web application directory [E:\PythonWork\notes\Python\鲁班学院\Tomcat\code\catalina-home\webapps\examples]
20-Dec-2018 09:58:54.117 信息 [localhost-startStop-1] org.apache.jasper.servlet.TldScanner.scanJars At least one JAR was scanned for TLDs yet contained no TLDs. Enable debug logging for this logger for a complete list of JARs that were scanned but no TLDs were found in them. Skipping unneeded JARs during scanning can improve startup time and JSP compilation time.
20-Dec-2018 09:58:54.184 严重 [localhost-startStop-1] org.apache.catalina.core.StandardContext.startInternal One or more listeners failed to start. Full details will be found in the appropriate container log file
20-Dec-2018 09:58:54.184 严重 [localhost-startStop-1] org.apache.catalina.core.StandardContext.startInternal Context [/examples] startup failed due to previous errors
20-Dec-2018 09:58:54.195 信息 [localhost-startStop-1] org.apache.catalina.startup.HostConfig.deployDirectory Deployment of web application directory [E:\PythonWork\notes\Python\鲁班学院\Tomcat\code\catalina-home\webapps\examples] has finished in [484] ms
20-Dec-2018 09:58:54.195 信息 [localhost-startStop-1] org.apache.catalina.startup.HostConfig.deployDirectory Deploying web application directory [E:\PythonWork\notes\Python\鲁班学院\Tomcat\code\catalina-home\webapps\host-manager]
20-Dec-2018 09:58:54.336 信息 [localhost-startStop-1] org.apache.jasper.servlet.TldScanner.scanJars At least one JAR was scanned for TLDs yet contained no TLDs. Enable debug logging for this logger for a complete list of JARs that were scanned but no TLDs were found in them. Skipping unneeded JARs during scanning can improve startup time and JSP compilation time.
20-Dec-2018 09:58:54.409 信息 [localhost-startStop-1] org.apache.catalina.startup.HostConfig.deployDirectory Deployment of web application directory [E:\PythonWork\notes\Python\鲁班学院\Tomcat\code\catalina-home\webapps\host-manager] has finished in [214] ms
20-Dec-2018 09:58:54.410 信息 [localhost-startStop-1] org.apache.catalina.startup.HostConfig.deployDirectory Deploying web application directory [E:\PythonWork\notes\Python\鲁班学院\Tomcat\code\catalina-home\webapps\manager]
20-Dec-2018 09:58:54.759 信息 [localhost-startStop-1] org.apache.jasper.servlet.TldScanner.scanJars At least one JAR was scanned for TLDs yet contained no TLDs. Enable debug logging for this logger for a complete list of JARs that were scanned but no TLDs were found in them. Skipping unneeded JARs during scanning can improve startup time and JSP compilation time.
20-Dec-2018 09:58:54.761 信息 [localhost-startStop-1] org.apache.catalina.startup.HostConfig.deployDirectory Deployment of web application directory [E:\PythonWork\notes\Python\鲁班学院\Tomcat\code\catalina-home\webapps\manager] has finished in [351] ms
20-Dec-2018 09:58:54.762 信息 [localhost-startStop-1] org.apache.catalina.startup.HostConfig.deployDirectory Deploying web application directory [E:\PythonWork\notes\Python\鲁班学院\Tomcat\code\catalina-home\webapps\ROOT]
20-Dec-2018 09:58:54.941 信息 [localhost-startStop-1] org.apache.jasper.servlet.TldScanner.scanJars At least one JAR was scanned for TLDs yet contained no TLDs. Enable debug logging for this logger for a complete list of JARs that were scanned but no TLDs were found in them. Skipping unneeded JARs during scanning can improve startup time and JSP compilation time.
20-Dec-2018 09:58:54.943 信息 [localhost-startStop-1] org.apache.catalina.startup.HostConfig.deployDirectory Deployment of web application directory [E:\PythonWork\notes\Python\鲁班学院\Tomcat\code\catalina-home\webapps\ROOT] has finished in [181] ms
20-Dec-2018 09:58:54.947 信息 [main] org.apache.catalina.startup.Catalina.start Server startup in 2488 ms
20-Dec-2018 09:58:54.960 严重 [main] org.apache.catalina.core.StandardServer.await StandardServer.await: create[localhost:8005]: 
 java.net.BindException: Address already in use: JVM_Bind
	at java.net.DualStackPlainSocketImpl.bind0(Native Method)
	at java.net.DualStackPlainSocketImpl.socketBind(DualStackPlainSocketImpl.java:106)
	at java.net.AbstractPlainSocketImpl.bind(AbstractPlainSocketImpl.java:387)
	at java.net.PlainSocketImpl.bind(PlainSocketImpl.java:190)
	at java.net.ServerSocket.bind(ServerSocket.java:375)
	at java.net.ServerSocket.<init>(ServerSocket.java:237)
	at org.apache.catalina.core.StandardServer.await(StandardServer.java:441)
	at org.apache.catalina.startup.Catalina.await(Catalina.java:780)
	at org.apache.catalina.startup.Catalina.start(Catalina.java:726)
	at sun.reflect.NativeMethodAccessorImpl.invoke0(Native Method)
	at sun.reflect.NativeMethodAccessorImpl.invoke(NativeMethodAccessorImpl.java:62)
	at sun.reflect.DelegatingMethodAccessorImpl.invoke(DelegatingMethodAccessorImpl.java:43)
	at java.lang.reflect.Method.invoke(Method.java:498)
	at org.apache.catalina.startup.Bootstrap.start(Bootstrap.java:382)
	at org.apache.catalina.startup.Bootstrap.main(Bootstrap.java:541)

20-Dec-2018 09:58:54.961 信息 [main] org.apache.coyote.AbstractProtocol.pause Pausing ProtocolHandler ["http-nio-8080"]
20-Dec-2018 09:58:54.961 信息 [main] org.apache.coyote.AbstractProtocol.pause Pausing ProtocolHandler ["ajp-nio-8009"]
20-Dec-2018 09:58:54.961 信息 [main] org.apache.catalina.core.StandardService.stopInternal Stopping service [Catalina]
20-Dec-2018 09:58:54.980 信息 [1] org.apache.coyote.AbstractProtocol.stop Stopping ProtocolHandler ["http-nio-8080"]
20-Dec-2018 09:58:54.980 信息 [1] org.apache.coyote.AbstractProtocol.destroy Destroying ProtocolHandler ["http-nio-8080"]
20-Dec-2018 09:58:54.981 信息 [1] org.apache.coyote.AbstractProtocol.stop Stopping ProtocolHandler ["ajp-nio-8009"]
20-Dec-2018 09:58:54.981 信息 [1] org.apache.coyote.AbstractProtocol.destroy Destroying ProtocolHandler ["ajp-nio-8009"]
20-Dec-2018 10:00:04.943 信息 [main] org.apache.catalina.startup.VersionLoggerListener.log Server version:        Apache Tomcat/@VERSION@
20-Dec-2018 10:00:04.949 信息 [main] org.apache.catalina.startup.VersionLoggerListener.log Server built:          @VERSION_BUILT@
20-Dec-2018 10:00:04.949 信息 [main] org.apache.catalina.startup.VersionLoggerListener.log Server number:         @VERSION_NUMBER@
20-Dec-2018 10:00:04.949 信息 [main] org.apache.catalina.startup.VersionLoggerListener.log OS Name:               Windows 7
20-Dec-2018 10:00:04.949 信息 [main] org.apache.catalina.startup.VersionLoggerListener.log OS Version:            6.1
20-Dec-2018 10:00:04.949 信息 [main] org.apache.catalina.startup.VersionLoggerListener.log Architecture:          amd64
20-Dec-2018 10:00:04.950 信息 [main] org.apache.catalina.startup.VersionLoggerListener.log Java Home:             C:\Program Files\Java\jdk1.8.0_131\jre
20-Dec-2018 10:00:04.950 信息 [main] org.apache.catalina.startup.VersionLoggerListener.log JVM Version:           1.8.0_131-b11
20-Dec-2018 10:00:04.950 信息 [main] org.apache.catalina.startup.VersionLoggerListener.log JVM Vendor:            Oracle Corporation
20-Dec-2018 10:00:04.950 信息 [main] org.apache.catalina.startup.VersionLoggerListener.log CATALINA_BASE:         E:\PythonWork\notes\Python\鲁班学院\Tomcat\code\catalina-home
20-Dec-2018 10:00:04.950 信息 [main] org.apache.catalina.startup.VersionLoggerListener.log CATALINA_HOME:         E:\PythonWork\notes\Python\鲁班学院\Tomcat\code\catalina-home
20-Dec-2018 10:00:04.950 信息 [main] org.apache.catalina.startup.VersionLoggerListener.log Command line argument: -Dcatalina.home=catalina-home
20-Dec-2018 10:00:04.950 信息 [main] org.apache.catalina.startup.VersionLoggerListener.log Command line argument: -Dcatalina.base=catalina-home
20-Dec-2018 10:00:04.950 信息 [main] org.apache.catalina.startup.VersionLoggerListener.log Command line argument: -Djava.endorsed.dirs=catalina-home/endorsed
20-Dec-2018 10:00:04.951 信息 [main] org.apache.catalina.startup.VersionLoggerListener.log Command line argument: -Djava.io.tmpdir=catalina-home/temp
20-Dec-2018 10:00:04.951 信息 [main] org.apache.catalina.startup.VersionLoggerListener.log Command line argument: -Djava.util.logging.manager=org.apache.juli.ClassLoaderLogManager
20-Dec-2018 10:00:04.951 信息 [main] org.apache.catalina.startup.VersionLoggerListener.log Command line argument: -Djava.util.logging.config.file=catalina-home/conf/logging.properties
20-Dec-2018 10:00:04.951 信息 [main] org.apache.catalina.startup.VersionLoggerListener.log Command line argument: -javaagent:E:\JAVAWork\IDEAInstall\IntelliJ IDEA 2018.3\lib\idea_rt.jar=55736:E:\JAVAWork\IDEAInstall\IntelliJ IDEA 2018.3\bin
20-Dec-2018 10:00:04.951 信息 [main] org.apache.catalina.startup.VersionLoggerListener.log Command line argument: -Dfile.encoding=UTF-8
20-Dec-2018 10:00:04.951 信息 [main] org.apache.catalina.core.AprLifecycleListener.lifecycleEvent The APR based Apache Tomcat Native library which allows optimal performance in production environments was not found on the java.library.path: [C:\Program Files\Java\jdk1.8.0_131\jre\bin;C:\Windows\Sun\Java\bin;C:\Windows\system32;C:\Windows;E:\PythonWork\PythonInstall\Scripts\;E:\PythonWork\PythonInstall\;C:\Program Files\Java\jdk1.8.0_131\bin;C:\Program Files\Java\jdk1.8.0_131\jre\bin;C:\ProgramData\Oracle\Java\javapath;C:\Windows\system32;C:\Windows;C:\Windows\System32\Wbem;C:\Windows\System32\WindowsPowerShell\v1.0\;C:\Program Files\MySQL\MySQL Utilities 1.6\;E:\JAVAWork\Maven\apache-maven-3.5.2\bin;E:\JAVAWork\GitInstall\Git\cmd;E:\JAVAWork\SVNClient\bin;C:\Program Files (x86)\pycSafefile\x64;E:\JAVAWork\Gradle\gradle-4.9\bin;;.]
20-Dec-2018 10:00:05.127 信息 [main] org.apache.coyote.AbstractProtocol.init Initializing ProtocolHandler ["http-nio-8080"]
20-Dec-2018 10:00:05.719 信息 [main] org.apache.tomcat.util.net.NioSelectorPool.getSharedSelector Using a shared selector for servlet write/read
20-Dec-2018 10:00:05.739 信息 [main] org.apache.coyote.AbstractProtocol.init Initializing ProtocolHandler ["ajp-nio-8009"]
20-Dec-2018 10:00:05.742 信息 [main] org.apache.tomcat.util.net.NioSelectorPool.getSharedSelector Using a shared selector for servlet write/read
20-Dec-2018 10:00:05.742 信息 [main] org.apache.catalina.startup.Catalina.load Initialization processed in 1420 ms
20-Dec-2018 10:00:05.827 信息 [main] org.apache.catalina.core.StandardService.startInternal Starting service [Catalina]
20-Dec-2018 10:00:05.828 信息 [main] org.apache.catalina.core.StandardEngine.startInternal Starting Servlet Engine: Apache Tomcat/@VERSION@
20-Dec-2018 10:00:05.849 信息 [localhost-startStop-1] org.apache.catalina.startup.HostConfig.deployDirectory Deploying web application directory [E:\PythonWork\notes\Python\鲁班学院\Tomcat\code\catalina-home\webapps\docs]
20-Dec-2018 10:00:06.740 信息 [localhost-startStop-1] org.apache.jasper.servlet.TldScanner.scanJars At least one JAR was scanned for TLDs yet contained no TLDs. Enable debug logging for this logger for a complete list of JARs that were scanned but no TLDs were found in them. Skipping unneeded JARs during scanning can improve startup time and JSP compilation time.
20-Dec-2018 10:00:06.776 信息 [localhost-startStop-1] org.apache.catalina.startup.HostConfig.deployDirectory Deployment of web application directory [E:\PythonWork\notes\Python\鲁班学院\Tomcat\code\catalina-home\webapps\docs] has finished in [926] ms
20-Dec-2018 10:00:06.776 信息 [localhost-startStop-1] org.apache.catalina.startup.HostConfig.deployDirectory Deploying web application directory [E:\PythonWork\notes\Python\鲁班学院\Tomcat\code\catalina-home\webapps\examples]
20-Dec-2018 10:00:07.220 信息 [localhost-startStop-1] org.apache.jasper.servlet.TldScanner.scanJars At least one JAR was scanned for TLDs yet contained no TLDs. Enable debug logging for this logger for a complete list of JARs that were scanned but no TLDs were found in them. Skipping unneeded JARs during scanning can improve startup time and JSP compilation time.
20-Dec-2018 10:00:07.238 严重 [localhost-startStop-1] org.apache.catalina.core.StandardContext.startInternal One or more listeners failed to start. Full details will be found in the appropriate container log file
20-Dec-2018 10:00:07.239 严重 [localhost-startStop-1] org.apache.catalina.core.StandardContext.startInternal Context [/examples] startup failed due to previous errors
20-Dec-2018 10:00:07.249 信息 [localhost-startStop-1] org.apache.catalina.startup.HostConfig.deployDirectory Deployment of web application directory [E:\PythonWork\notes\Python\鲁班学院\Tomcat\code\catalina-home\webapps\examples] has finished in [473] ms
20-Dec-2018 10:00:07.249 信息 [localhost-startStop-1] org.apache.catalina.startup.HostConfig.deployDirectory Deploying web application directory [E:\PythonWork\notes\Python\鲁班学院\Tomcat\code\catalina-home\webapps\host-manager]
20-Dec-2018 10:00:07.352 信息 [localhost-startStop-1] org.apache.jasper.servlet.TldScanner.scanJars At least one JAR was scanned for TLDs yet contained no TLDs. Enable debug logging for this logger for a complete list of JARs that were scanned but no TLDs were found in them. Skipping unneeded JARs during scanning can improve startup time and JSP compilation time.
20-Dec-2018 10:00:07.359 信息 [localhost-startStop-1] org.apache.catalina.startup.HostConfig.deployDirectory Deployment of web application directory [E:\PythonWork\notes\Python\鲁班学院\Tomcat\code\catalina-home\webapps\host-manager] has finished in [109] ms
20-Dec-2018 10:00:07.359 信息 [localhost-startStop-1] org.apache.catalina.startup.HostConfig.deployDirectory Deploying web application directory [E:\PythonWork\notes\Python\鲁班学院\Tomcat\code\catalina-home\webapps\manager]
20-Dec-2018 10:00:07.527 信息 [localhost-startStop-1] org.apache.jasper.servlet.TldScanner.scanJars At least one JAR was scanned for TLDs yet contained no TLDs. Enable debug logging for this logger for a complete list of JARs that were scanned but no TLDs were found in them. Skipping unneeded JARs during scanning can improve startup time and JSP compilation time.
20-Dec-2018 10:00:07.529 信息 [localhost-startStop-1] org.apache.catalina.startup.HostConfig.deployDirectory Deployment of web application directory [E:\PythonWork\notes\Python\鲁班学院\Tomcat\code\catalina-home\webapps\manager] has finished in [170] ms
20-Dec-2018 10:00:07.530 信息 [localhost-startStop-1] org.apache.catalina.startup.HostConfig.deployDirectory Deploying web application directory [E:\PythonWork\notes\Python\鲁班学院\Tomcat\code\catalina-home\webapps\ROOT]
20-Dec-2018 10:00:07.637 信息 [localhost-startStop-1] org.apache.jasper.servlet.TldScanner.scanJars At least one JAR was scanned for TLDs yet contained no TLDs. Enable debug logging for this logger for a complete list of JARs that were scanned but no TLDs were found in them. Skipping unneeded JARs during scanning can improve startup time and JSP compilation time.
20-Dec-2018 10:00:07.645 信息 [localhost-startStop-1] org.apache.catalina.startup.HostConfig.deployDirectory Deployment of web application directory [E:\PythonWork\notes\Python\鲁班学院\Tomcat\code\catalina-home\webapps\ROOT] has finished in [115] ms
20-Dec-2018 10:00:07.649 信息 [main] org.apache.coyote.AbstractProtocol.start Starting ProtocolHandler ["http-nio-8080"]
20-Dec-2018 10:00:07.665 信息 [main] org.apache.coyote.AbstractProtocol.start Starting ProtocolHandler ["ajp-nio-8009"]
20-Dec-2018 10:00:07.671 信息 [main] org.apache.catalina.startup.Catalina.start Server startup in 1928 ms
