18-Dec-2018 09:21:33.933 信息 [main] org.apache.catalina.startup.VersionLoggerListener.log Server version:        Apache Tomcat/@VERSION@
18-Dec-2018 09:21:33.944 信息 [main] org.apache.catalina.startup.VersionLoggerListener.log Server built:          @VERSION_BUILT@
18-Dec-2018 09:21:33.945 信息 [main] org.apache.catalina.startup.VersionLoggerListener.log Server number:         @VERSION_NUMBER@
18-Dec-2018 09:21:33.945 信息 [main] org.apache.catalina.startup.VersionLoggerListener.log OS Name:               Windows 7
18-Dec-2018 09:21:33.945 信息 [main] org.apache.catalina.startup.VersionLoggerListener.log OS Version:            6.1
18-Dec-2018 09:21:33.945 信息 [main] org.apache.catalina.startup.VersionLoggerListener.log Architecture:          amd64
18-Dec-2018 09:21:33.945 信息 [main] org.apache.catalina.startup.VersionLoggerListener.log Java Home:             C:\Program Files\Java\jdk1.8.0_131\jre
18-Dec-2018 09:21:33.945 信息 [main] org.apache.catalina.startup.VersionLoggerListener.log JVM Version:           1.8.0_131-b11
18-Dec-2018 09:21:33.945 信息 [main] org.apache.catalina.startup.VersionLoggerListener.log JVM Vendor:            Oracle Corporation
18-Dec-2018 09:21:33.945 信息 [main] org.apache.catalina.startup.VersionLoggerListener.log CATALINA_BASE:         E:\JAVAWork\IDEASpace\code\catalina-home
18-Dec-2018 09:21:33.946 信息 [main] org.apache.catalina.startup.VersionLoggerListener.log CATALINA_HOME:         E:\JAVAWork\IDEASpace\code\catalina-home
18-Dec-2018 09:21:33.946 信息 [main] org.apache.catalina.startup.VersionLoggerListener.log Command line argument: -Dcatalina.home=catalina-home
18-Dec-2018 09:21:33.946 信息 [main] org.apache.catalina.startup.VersionLoggerListener.log Command line argument: -Dcatalina.base=catalina-home
18-Dec-2018 09:21:33.946 信息 [main] org.apache.catalina.startup.VersionLoggerListener.log Command line argument: -Djava.endorsed.dirs=catalina-home/endorsed
18-Dec-2018 09:21:33.946 信息 [main] org.apache.catalina.startup.VersionLoggerListener.log Command line argument: -Djava.io.tmpdir=catalina-home/temp
18-Dec-2018 09:21:33.946 信息 [main] org.apache.catalina.startup.VersionLoggerListener.log Command line argument: -Djava.util.logging.manager=org.apache.juli.ClassLoaderLogManager
18-Dec-2018 09:21:33.947 信息 [main] org.apache.catalina.startup.VersionLoggerListener.log Command line argument: -Djava.util.logging.config.file=catalina-home/conf/logging.properties
18-Dec-2018 09:21:33.947 信息 [main] org.apache.catalina.startup.VersionLoggerListener.log Command line argument: -javaagent:E:\JAVAWork\IDEAInstall\IntelliJ IDEA 2018.3\lib\idea_rt.jar=55779:E:\JAVAWork\IDEAInstall\IntelliJ IDEA 2018.3\bin
18-Dec-2018 09:21:33.947 信息 [main] org.apache.catalina.startup.VersionLoggerListener.log Command line argument: -Dfile.encoding=UTF-8
18-Dec-2018 09:21:33.947 信息 [main] org.apache.catalina.core.AprLifecycleListener.lifecycleEvent The APR based Apache Tomcat Native library which allows optimal performance in production environments was not found on the java.library.path: [C:\Program Files\Java\jdk1.8.0_131\jre\bin;C:\Windows\Sun\Java\bin;C:\Windows\system32;C:\Windows;E:\PythonWork\PythonInstall\Scripts\;E:\PythonWork\PythonInstall\;C:\Program Files\Java\jdk1.8.0_131\bin;C:\Program Files\Java\jdk1.8.0_131\jre\bin;C:\ProgramData\Oracle\Java\javapath;C:\Windows\system32;C:\Windows;C:\Windows\System32\Wbem;C:\Windows\System32\WindowsPowerShell\v1.0\;C:\Program Files\MySQL\MySQL Utilities 1.6\;E:\JAVAWork\Maven\apache-maven-3.5.2\bin;E:\JAVAWork\GitInstall\Git\cmd;E:\JAVAWork\SVNClient\bin;C:\Program Files (x86)\pycSafefile\x64;E:\JAVAWork\Gradle\gradle-4.9\bin;;.]
18-Dec-2018 09:21:34.681 信息 [main] org.apache.coyote.AbstractProtocol.init Initializing ProtocolHandler ["http-nio-8080"]
18-Dec-2018 09:21:35.534 信息 [main] org.apache.tomcat.util.net.NioSelectorPool.getSharedSelector Using a shared selector for servlet write/read
18-Dec-2018 09:21:35.551 信息 [main] org.apache.coyote.AbstractProtocol.init Initializing ProtocolHandler ["ajp-nio-8009"]
18-Dec-2018 09:21:35.554 信息 [main] org.apache.tomcat.util.net.NioSelectorPool.getSharedSelector Using a shared selector for servlet write/read
18-Dec-2018 09:21:35.554 信息 [main] org.apache.catalina.startup.Catalina.load Initialization processed in 2549 ms
18-Dec-2018 09:21:35.632 信息 [main] org.apache.catalina.core.StandardService.startInternal Starting service [Catalina]
18-Dec-2018 09:21:35.632 信息 [main] org.apache.catalina.core.StandardEngine.startInternal Starting Servlet Engine: Apache Tomcat/@VERSION@
18-Dec-2018 09:21:35.664 信息 [localhost-startStop-1] org.apache.catalina.startup.HostConfig.deployDirectory Deploying web application directory [E:\JAVAWork\IDEASpace\code\catalina-home\webapps\docs]
18-Dec-2018 09:21:36.352 信息 [localhost-startStop-1] org.apache.jasper.servlet.TldScanner.scanJars At least one JAR was scanned for TLDs yet contained no TLDs. Enable debug logging for this logger for a complete list of JARs that were scanned but no TLDs were found in them. Skipping unneeded JARs during scanning can improve startup time and JSP compilation time.
18-Dec-2018 09:21:36.390 信息 [localhost-startStop-1] org.apache.catalina.startup.HostConfig.deployDirectory Deployment of web application directory [E:\JAVAWork\IDEASpace\code\catalina-home\webapps\docs] has finished in [720] ms
18-Dec-2018 09:21:36.390 信息 [localhost-startStop-1] org.apache.catalina.startup.HostConfig.deployDirectory Deploying web application directory [E:\JAVAWork\IDEASpace\code\catalina-home\webapps\examples]
18-Dec-2018 09:21:36.741 信息 [localhost-startStop-1] org.apache.jasper.servlet.TldScanner.scanJars At least one JAR was scanned for TLDs yet contained no TLDs. Enable debug logging for this logger for a complete list of JARs that were scanned but no TLDs were found in them. Skipping unneeded JARs during scanning can improve startup time and JSP compilation time.
18-Dec-2018 09:21:36.762 严重 [localhost-startStop-1] org.apache.catalina.core.StandardContext.startInternal One or more listeners failed to start. Full details will be found in the appropriate container log file
18-Dec-2018 09:21:36.762 严重 [localhost-startStop-1] org.apache.catalina.core.StandardContext.startInternal Context [/examples] startup failed due to previous errors
18-Dec-2018 09:21:36.813 信息 [localhost-startStop-1] org.apache.catalina.startup.HostConfig.deployDirectory Deployment of web application directory [E:\JAVAWork\IDEASpace\code\catalina-home\webapps\examples] has finished in [423] ms
18-Dec-2018 09:21:36.813 信息 [localhost-startStop-1] org.apache.catalina.startup.HostConfig.deployDirectory Deploying web application directory [E:\JAVAWork\IDEASpace\code\catalina-home\webapps\host-manager]
18-Dec-2018 09:21:36.936 信息 [localhost-startStop-1] org.apache.jasper.servlet.TldScanner.scanJars At least one JAR was scanned for TLDs yet contained no TLDs. Enable debug logging for this logger for a complete list of JARs that were scanned but no TLDs were found in them. Skipping unneeded JARs during scanning can improve startup time and JSP compilation time.
18-Dec-2018 09:21:36.949 信息 [localhost-startStop-1] org.apache.catalina.startup.HostConfig.deployDirectory Deployment of web application directory [E:\JAVAWork\IDEASpace\code\catalina-home\webapps\host-manager] has finished in [136] ms
18-Dec-2018 09:21:36.959 信息 [localhost-startStop-1] org.apache.catalina.startup.HostConfig.deployDirectory Deploying web application directory [E:\JAVAWork\IDEASpace\code\catalina-home\webapps\manager]
18-Dec-2018 09:21:37.138 信息 [localhost-startStop-1] org.apache.jasper.servlet.TldScanner.scanJars At least one JAR was scanned for TLDs yet contained no TLDs. Enable debug logging for this logger for a complete list of JARs that were scanned but no TLDs were found in them. Skipping unneeded JARs during scanning can improve startup time and JSP compilation time.
18-Dec-2018 09:21:37.141 信息 [localhost-startStop-1] org.apache.catalina.startup.HostConfig.deployDirectory Deployment of web application directory [E:\JAVAWork\IDEASpace\code\catalina-home\webapps\manager] has finished in [192] ms
18-Dec-2018 09:21:37.141 信息 [localhost-startStop-1] org.apache.catalina.startup.HostConfig.deployDirectory Deploying web application directory [E:\JAVAWork\IDEASpace\code\catalina-home\webapps\ROOT]
18-Dec-2018 09:21:37.307 信息 [localhost-startStop-1] org.apache.jasper.servlet.TldScanner.scanJars At least one JAR was scanned for TLDs yet contained no TLDs. Enable debug logging for this logger for a complete list of JARs that were scanned but no TLDs were found in them. Skipping unneeded JARs during scanning can improve startup time and JSP compilation time.
18-Dec-2018 09:21:37.309 信息 [localhost-startStop-1] org.apache.catalina.startup.HostConfig.deployDirectory Deployment of web application directory [E:\JAVAWork\IDEASpace\code\catalina-home\webapps\ROOT] has finished in [168] ms
18-Dec-2018 09:21:37.321 信息 [main] org.apache.coyote.AbstractProtocol.start Starting ProtocolHandler ["http-nio-8080"]
18-Dec-2018 09:21:37.337 信息 [main] org.apache.coyote.AbstractProtocol.start Starting ProtocolHandler ["ajp-nio-8009"]
18-Dec-2018 09:21:37.341 信息 [main] org.apache.catalina.startup.Catalina.start Server startup in 1786 ms
18-Dec-2018 14:39:59.546 信息 [main] org.apache.catalina.startup.VersionLoggerListener.log Server version:        Apache Tomcat/@VERSION@
18-Dec-2018 14:39:59.562 信息 [main] org.apache.catalina.startup.VersionLoggerListener.log Server built:          @VERSION_BUILT@
18-Dec-2018 14:39:59.562 信息 [main] org.apache.catalina.startup.VersionLoggerListener.log Server number:         @VERSION_NUMBER@
18-Dec-2018 14:39:59.562 信息 [main] org.apache.catalina.startup.VersionLoggerListener.log OS Name:               Windows 7
18-Dec-2018 14:39:59.562 信息 [main] org.apache.catalina.startup.VersionLoggerListener.log OS Version:            6.1
18-Dec-2018 14:39:59.562 信息 [main] org.apache.catalina.startup.VersionLoggerListener.log Architecture:          amd64
18-Dec-2018 14:39:59.562 信息 [main] org.apache.catalina.startup.VersionLoggerListener.log Java Home:             C:\Program Files\Java\jdk1.8.0_131\jre
18-Dec-2018 14:39:59.562 信息 [main] org.apache.catalina.startup.VersionLoggerListener.log JVM Version:           1.8.0_131-b11
18-Dec-2018 14:39:59.563 信息 [main] org.apache.catalina.startup.VersionLoggerListener.log JVM Vendor:            Oracle Corporation
18-Dec-2018 14:39:59.563 信息 [main] org.apache.catalina.startup.VersionLoggerListener.log CATALINA_BASE:         E:\JAVAWork\IDEASpace\code\catalina-home
18-Dec-2018 14:39:59.563 信息 [main] org.apache.catalina.startup.VersionLoggerListener.log CATALINA_HOME:         E:\JAVAWork\IDEASpace\code\catalina-home
18-Dec-2018 14:39:59.563 信息 [main] org.apache.catalina.startup.VersionLoggerListener.log Command line argument: -Dcatalina.home=catalina-home
18-Dec-2018 14:39:59.563 信息 [main] org.apache.catalina.startup.VersionLoggerListener.log Command line argument: -Dcatalina.base=catalina-home
18-Dec-2018 14:39:59.563 信息 [main] org.apache.catalina.startup.VersionLoggerListener.log Command line argument: -Djava.endorsed.dirs=catalina-home/endorsed
18-Dec-2018 14:39:59.564 信息 [main] org.apache.catalina.startup.VersionLoggerListener.log Command line argument: -Djava.io.tmpdir=catalina-home/temp
18-Dec-2018 14:39:59.564 信息 [main] org.apache.catalina.startup.VersionLoggerListener.log Command line argument: -Djava.util.logging.manager=org.apache.juli.ClassLoaderLogManager
18-Dec-2018 14:39:59.564 信息 [main] org.apache.catalina.startup.VersionLoggerListener.log Command line argument: -Djava.util.logging.config.file=catalina-home/conf/logging.properties
18-Dec-2018 14:39:59.564 信息 [main] org.apache.catalina.startup.VersionLoggerListener.log Command line argument: -javaagent:E:\JAVAWork\IDEAInstall\IntelliJ IDEA 2018.3\lib\idea_rt.jar=50449:E:\JAVAWork\IDEAInstall\IntelliJ IDEA 2018.3\bin
18-Dec-2018 14:39:59.564 信息 [main] org.apache.catalina.startup.VersionLoggerListener.log Command line argument: -Dfile.encoding=UTF-8
18-Dec-2018 14:39:59.564 信息 [main] org.apache.catalina.core.AprLifecycleListener.lifecycleEvent The APR based Apache Tomcat Native library which allows optimal performance in production environments was not found on the java.library.path: [C:\Program Files\Java\jdk1.8.0_131\jre\bin;C:\Windows\Sun\Java\bin;C:\Windows\system32;C:\Windows;E:\PythonWork\PythonInstall\Scripts\;E:\PythonWork\PythonInstall\;C:\Program Files\Java\jdk1.8.0_131\bin;C:\Program Files\Java\jdk1.8.0_131\jre\bin;C:\ProgramData\Oracle\Java\javapath;C:\Windows\system32;C:\Windows;C:\Windows\System32\Wbem;C:\Windows\System32\WindowsPowerShell\v1.0\;C:\Program Files\MySQL\MySQL Utilities 1.6\;E:\JAVAWork\Maven\apache-maven-3.5.2\bin;E:\JAVAWork\GitInstall\Git\cmd;E:\JAVAWork\SVNClient\bin;C:\Program Files (x86)\pycSafefile\x64;E:\JAVAWork\Gradle\gradle-4.9\bin;;.]
18-Dec-2018 14:39:59.932 信息 [main] org.apache.coyote.AbstractProtocol.init Initializing ProtocolHandler ["http-nio-8080"]
18-Dec-2018 14:40:00.371 信息 [main] org.apache.tomcat.util.net.NioSelectorPool.getSharedSelector Using a shared selector for servlet write/read
18-Dec-2018 14:40:00.417 信息 [main] org.apache.coyote.AbstractProtocol.init Initializing ProtocolHandler ["ajp-nio-8009"]
18-Dec-2018 14:40:00.420 信息 [main] org.apache.tomcat.util.net.NioSelectorPool.getSharedSelector Using a shared selector for servlet write/read
18-Dec-2018 14:40:00.420 信息 [main] org.apache.catalina.startup.Catalina.load Initialization processed in 2817 ms
18-Dec-2018 14:40:00.661 信息 [main] org.apache.catalina.core.StandardService.startInternal Starting service [Catalina]
18-Dec-2018 14:40:00.661 信息 [main] org.apache.catalina.core.StandardEngine.startInternal Starting Servlet Engine: Apache Tomcat/@VERSION@
18-Dec-2018 14:40:00.762 信息 [localhost-startStop-1] org.apache.catalina.startup.HostConfig.deployDirectory Deploying web application directory [E:\JAVAWork\IDEASpace\code\catalina-home\webapps\docs]
18-Dec-2018 14:40:02.109 信息 [localhost-startStop-1] org.apache.jasper.servlet.TldScanner.scanJars At least one JAR was scanned for TLDs yet contained no TLDs. Enable debug logging for this logger for a complete list of JARs that were scanned but no TLDs were found in them. Skipping unneeded JARs during scanning can improve startup time and JSP compilation time.
18-Dec-2018 14:40:02.301 信息 [localhost-startStop-1] org.apache.catalina.startup.HostConfig.deployDirectory Deployment of web application directory [E:\JAVAWork\IDEASpace\code\catalina-home\webapps\docs] has finished in [1,539] ms
18-Dec-2018 14:40:02.302 信息 [localhost-startStop-1] org.apache.catalina.startup.HostConfig.deployDirectory Deploying web application directory [E:\JAVAWork\IDEASpace\code\catalina-home\webapps\examples]
18-Dec-2018 14:40:02.726 信息 [localhost-startStop-1] org.apache.jasper.servlet.TldScanner.scanJars At least one JAR was scanned for TLDs yet contained no TLDs. Enable debug logging for this logger for a complete list of JARs that were scanned but no TLDs were found in them. Skipping unneeded JARs during scanning can improve startup time and JSP compilation time.
18-Dec-2018 14:40:02.769 严重 [localhost-startStop-1] org.apache.catalina.core.StandardContext.startInternal One or more listeners failed to start. Full details will be found in the appropriate container log file
18-Dec-2018 14:40:02.770 严重 [localhost-startStop-1] org.apache.catalina.core.StandardContext.startInternal Context [/examples] startup failed due to previous errors
18-Dec-2018 14:40:02.789 信息 [localhost-startStop-1] org.apache.catalina.startup.HostConfig.deployDirectory Deployment of web application directory [E:\JAVAWork\IDEASpace\code\catalina-home\webapps\examples] has finished in [487] ms
18-Dec-2018 14:40:02.789 信息 [localhost-startStop-1] org.apache.catalina.startup.HostConfig.deployDirectory Deploying web application directory [E:\JAVAWork\IDEASpace\code\catalina-home\webapps\host-manager]
18-Dec-2018 14:40:02.913 信息 [localhost-startStop-1] org.apache.jasper.servlet.TldScanner.scanJars At least one JAR was scanned for TLDs yet contained no TLDs. Enable debug logging for this logger for a complete list of JARs that were scanned but no TLDs were found in them. Skipping unneeded JARs during scanning can improve startup time and JSP compilation time.
18-Dec-2018 14:40:02.941 信息 [localhost-startStop-1] org.apache.catalina.startup.HostConfig.deployDirectory Deployment of web application directory [E:\JAVAWork\IDEASpace\code\catalina-home\webapps\host-manager] has finished in [152] ms
18-Dec-2018 14:40:02.941 信息 [localhost-startStop-1] org.apache.catalina.startup.HostConfig.deployDirectory Deploying web application directory [E:\JAVAWork\IDEASpace\code\catalina-home\webapps\manager]
18-Dec-2018 14:40:03.086 信息 [localhost-startStop-1] org.apache.jasper.servlet.TldScanner.scanJars At least one JAR was scanned for TLDs yet contained no TLDs. Enable debug logging for this logger for a complete list of JARs that were scanned but no TLDs were found in them. Skipping unneeded JARs during scanning can improve startup time and JSP compilation time.
18-Dec-2018 14:40:03.089 信息 [localhost-startStop-1] org.apache.catalina.startup.HostConfig.deployDirectory Deployment of web application directory [E:\JAVAWork\IDEASpace\code\catalina-home\webapps\manager] has finished in [148] ms
18-Dec-2018 14:40:03.090 信息 [localhost-startStop-1] org.apache.catalina.startup.HostConfig.deployDirectory Deploying web application directory [E:\JAVAWork\IDEASpace\code\catalina-home\webapps\ROOT]
18-Dec-2018 14:40:03.212 信息 [localhost-startStop-1] org.apache.jasper.servlet.TldScanner.scanJars At least one JAR was scanned for TLDs yet contained no TLDs. Enable debug logging for this logger for a complete list of JARs that were scanned but no TLDs were found in them. Skipping unneeded JARs during scanning can improve startup time and JSP compilation time.
18-Dec-2018 14:40:03.216 信息 [localhost-startStop-1] org.apache.catalina.startup.HostConfig.deployDirectory Deployment of web application directory [E:\JAVAWork\IDEASpace\code\catalina-home\webapps\ROOT] has finished in [126] ms
18-Dec-2018 14:40:03.226 信息 [main] org.apache.coyote.AbstractProtocol.start Starting ProtocolHandler ["http-nio-8080"]
18-Dec-2018 14:40:03.264 信息 [main] org.apache.coyote.AbstractProtocol.start Starting ProtocolHandler ["ajp-nio-8009"]
18-Dec-2018 14:40:03.268 信息 [main] org.apache.catalina.startup.Catalina.start Server startup in 2846 ms
18-Dec-2018 14:56:23.204 信息 [main] org.apache.catalina.startup.VersionLoggerListener.log Server version:        Apache Tomcat/@VERSION@
18-Dec-2018 14:56:23.215 信息 [main] org.apache.catalina.startup.VersionLoggerListener.log Server built:          @VERSION_BUILT@
18-Dec-2018 14:56:23.216 信息 [main] org.apache.catalina.startup.VersionLoggerListener.log Server number:         @VERSION_NUMBER@
18-Dec-2018 14:56:23.216 信息 [main] org.apache.catalina.startup.VersionLoggerListener.log OS Name:               Windows 7
18-Dec-2018 14:56:23.218 信息 [main] org.apache.catalina.startup.VersionLoggerListener.log OS Version:            6.1
18-Dec-2018 14:56:23.218 信息 [main] org.apache.catalina.startup.VersionLoggerListener.log Architecture:          amd64
18-Dec-2018 14:56:23.218 信息 [main] org.apache.catalina.startup.VersionLoggerListener.log Java Home:             C:\Program Files\Java\jdk1.8.0_131\jre
18-Dec-2018 14:56:23.218 信息 [main] org.apache.catalina.startup.VersionLoggerListener.log JVM Version:           1.8.0_131-b11
18-Dec-2018 14:56:23.218 信息 [main] org.apache.catalina.startup.VersionLoggerListener.log JVM Vendor:            Oracle Corporation
18-Dec-2018 14:56:23.218 信息 [main] org.apache.catalina.startup.VersionLoggerListener.log CATALINA_BASE:         E:\JAVAWork\IDEASpace\code\catalina-home
18-Dec-2018 14:56:23.219 信息 [main] org.apache.catalina.startup.VersionLoggerListener.log CATALINA_HOME:         E:\JAVAWork\IDEASpace\code\catalina-home
18-Dec-2018 14:56:23.219 信息 [main] org.apache.catalina.startup.VersionLoggerListener.log Command line argument: -agentlib:jdwp=transport=dt_socket,address=127.0.0.1:56239,suspend=y,server=n
18-Dec-2018 14:56:23.220 信息 [main] org.apache.catalina.startup.VersionLoggerListener.log Command line argument: -Dcatalina.home=catalina-home
18-Dec-2018 14:56:23.220 信息 [main] org.apache.catalina.startup.VersionLoggerListener.log Command line argument: -Dcatalina.base=catalina-home
18-Dec-2018 14:56:23.220 信息 [main] org.apache.catalina.startup.VersionLoggerListener.log Command line argument: -Djava.endorsed.dirs=catalina-home/endorsed
18-Dec-2018 14:56:23.220 信息 [main] org.apache.catalina.startup.VersionLoggerListener.log Command line argument: -Djava.io.tmpdir=catalina-home/temp
18-Dec-2018 14:56:23.220 信息 [main] org.apache.catalina.startup.VersionLoggerListener.log Command line argument: -Djava.util.logging.manager=org.apache.juli.ClassLoaderLogManager
18-Dec-2018 14:56:23.220 信息 [main] org.apache.catalina.startup.VersionLoggerListener.log Command line argument: -Djava.util.logging.config.file=catalina-home/conf/logging.properties
18-Dec-2018 14:56:23.221 信息 [main] org.apache.catalina.startup.VersionLoggerListener.log Command line argument: -javaagent:C:\Users\Administrator\.IntelliJIdea2018.3\system\captureAgent\debugger-agent.jar
18-Dec-2018 14:56:23.221 信息 [main] org.apache.catalina.startup.VersionLoggerListener.log Command line argument: -Dfile.encoding=UTF-8
18-Dec-2018 14:56:23.221 信息 [main] org.apache.catalina.core.AprLifecycleListener.lifecycleEvent The APR based Apache Tomcat Native library which allows optimal performance in production environments was not found on the java.library.path: [C:\Program Files\Java\jdk1.8.0_131\jre\bin;C:\Windows\Sun\Java\bin;C:\Windows\system32;C:\Windows;E:\PythonWork\PythonInstall\Scripts\;E:\PythonWork\PythonInstall\;C:\Program Files\Java\jdk1.8.0_131\bin;C:\Program Files\Java\jdk1.8.0_131\jre\bin;C:\ProgramData\Oracle\Java\javapath;C:\Windows\system32;C:\Windows;C:\Windows\System32\Wbem;C:\Windows\System32\WindowsPowerShell\v1.0\;C:\Program Files\MySQL\MySQL Utilities 1.6\;E:\JAVAWork\Maven\apache-maven-3.5.2\bin;E:\JAVAWork\GitInstall\Git\cmd;E:\JAVAWork\SVNClient\bin;C:\Program Files (x86)\pycSafefile\x64;E:\JAVAWork\Gradle\gradle-4.9\bin;;.]
18-Dec-2018 14:56:23.504 信息 [main] org.apache.coyote.AbstractProtocol.init Initializing ProtocolHandler ["http-nio-8080"]
18-Dec-2018 14:56:23.636 信息 [main] org.apache.tomcat.util.net.NioSelectorPool.getSharedSelector Using a shared selector for servlet write/read
18-Dec-2018 14:56:23.652 信息 [main] org.apache.coyote.AbstractProtocol.init Initializing ProtocolHandler ["ajp-nio-8009"]
18-Dec-2018 14:56:23.657 信息 [main] org.apache.tomcat.util.net.NioSelectorPool.getSharedSelector Using a shared selector for servlet write/read
18-Dec-2018 14:56:23.658 信息 [main] org.apache.catalina.startup.Catalina.load Initialization processed in 1479 ms
18-Dec-2018 14:56:23.705 信息 [main] org.apache.catalina.core.StandardService.startInternal Starting service [Catalina]
18-Dec-2018 14:56:23.706 信息 [main] org.apache.catalina.core.StandardEngine.startInternal Starting Servlet Engine: Apache Tomcat/@VERSION@
18-Dec-2018 14:56:23.774 信息 [localhost-startStop-1] org.apache.catalina.startup.HostConfig.deployDirectory Deploying web application directory [E:\JAVAWork\IDEASpace\code\catalina-home\webapps\docs]
18-Dec-2018 14:56:24.422 信息 [localhost-startStop-1] org.apache.jasper.servlet.TldScanner.scanJars At least one JAR was scanned for TLDs yet contained no TLDs. Enable debug logging for this logger for a complete list of JARs that were scanned but no TLDs were found in them. Skipping unneeded JARs during scanning can improve startup time and JSP compilation time.
18-Dec-2018 14:56:24.459 信息 [localhost-startStop-1] org.apache.catalina.startup.HostConfig.deployDirectory Deployment of web application directory [E:\JAVAWork\IDEASpace\code\catalina-home\webapps\docs] has finished in [685] ms
18-Dec-2018 14:56:24.459 信息 [localhost-startStop-1] org.apache.catalina.startup.HostConfig.deployDirectory Deploying web application directory [E:\JAVAWork\IDEASpace\code\catalina-home\webapps\examples]
18-Dec-2018 14:56:24.795 信息 [localhost-startStop-1] org.apache.jasper.servlet.TldScanner.scanJars At least one JAR was scanned for TLDs yet contained no TLDs. Enable debug logging for this logger for a complete list of JARs that were scanned but no TLDs were found in them. Skipping unneeded JARs during scanning can improve startup time and JSP compilation time.
18-Dec-2018 14:56:24.851 严重 [localhost-startStop-1] org.apache.catalina.core.StandardContext.startInternal One or more listeners failed to start. Full details will be found in the appropriate container log file
18-Dec-2018 14:56:24.853 严重 [localhost-startStop-1] org.apache.catalina.core.StandardContext.startInternal Context [/examples] startup failed due to previous errors
18-Dec-2018 14:56:24.874 信息 [localhost-startStop-1] org.apache.catalina.startup.HostConfig.deployDirectory Deployment of web application directory [E:\JAVAWork\IDEASpace\code\catalina-home\webapps\examples] has finished in [415] ms
18-Dec-2018 14:56:24.874 信息 [localhost-startStop-1] org.apache.catalina.startup.HostConfig.deployDirectory Deploying web application directory [E:\JAVAWork\IDEASpace\code\catalina-home\webapps\host-manager]
18-Dec-2018 14:56:25.030 信息 [localhost-startStop-1] org.apache.jasper.servlet.TldScanner.scanJars At least one JAR was scanned for TLDs yet contained no TLDs. Enable debug logging for this logger for a complete list of JARs that were scanned but no TLDs were found in them. Skipping unneeded JARs during scanning can improve startup time and JSP compilation time.
18-Dec-2018 14:56:25.055 信息 [localhost-startStop-1] org.apache.catalina.startup.HostConfig.deployDirectory Deployment of web application directory [E:\JAVAWork\IDEASpace\code\catalina-home\webapps\host-manager] has finished in [181] ms
18-Dec-2018 14:56:25.055 信息 [localhost-startStop-1] org.apache.catalina.startup.HostConfig.deployDirectory Deploying web application directory [E:\JAVAWork\IDEASpace\code\catalina-home\webapps\manager]
18-Dec-2018 14:56:25.238 信息 [localhost-startStop-1] org.apache.jasper.servlet.TldScanner.scanJars At least one JAR was scanned for TLDs yet contained no TLDs. Enable debug logging for this logger for a complete list of JARs that were scanned but no TLDs were found in them. Skipping unneeded JARs during scanning can improve startup time and JSP compilation time.
18-Dec-2018 14:56:25.243 信息 [localhost-startStop-1] org.apache.catalina.startup.HostConfig.deployDirectory Deployment of web application directory [E:\JAVAWork\IDEASpace\code\catalina-home\webapps\manager] has finished in [188] ms
18-Dec-2018 14:56:25.243 信息 [localhost-startStop-1] org.apache.catalina.startup.HostConfig.deployDirectory Deploying web application directory [E:\JAVAWork\IDEASpace\code\catalina-home\webapps\ROOT]
18-Dec-2018 14:56:25.353 信息 [localhost-startStop-1] org.apache.jasper.servlet.TldScanner.scanJars At least one JAR was scanned for TLDs yet contained no TLDs. Enable debug logging for this logger for a complete list of JARs that were scanned but no TLDs were found in them. Skipping unneeded JARs during scanning can improve startup time and JSP compilation time.
18-Dec-2018 14:56:25.357 信息 [localhost-startStop-1] org.apache.catalina.startup.HostConfig.deployDirectory Deployment of web application directory [E:\JAVAWork\IDEASpace\code\catalina-home\webapps\ROOT] has finished in [113] ms
18-Dec-2018 14:56:25.365 信息 [main] org.apache.coyote.AbstractProtocol.start Starting ProtocolHandler ["http-nio-8080"]
18-Dec-2018 14:56:25.386 信息 [main] org.apache.coyote.AbstractProtocol.start Starting ProtocolHandler ["ajp-nio-8009"]
18-Dec-2018 14:56:25.390 信息 [main] org.apache.catalina.startup.Catalina.start Server startup in 1732 ms
