17-Dec-2018 22:16:43.452 信息 [main] org.apache.catalina.startup.VersionLoggerListener.log Server version:        Apache Tomcat/@VERSION@
17-Dec-2018 22:16:43.462 信息 [main] org.apache.catalina.startup.VersionLoggerListener.log Server built:          @VERSION_BUILT@
17-Dec-2018 22:16:43.462 信息 [main] org.apache.catalina.startup.VersionLoggerListener.log Server number:         @VERSION_NUMBER@
17-Dec-2018 22:16:43.462 信息 [main] org.apache.catalina.startup.VersionLoggerListener.log OS Name:               Windows 7
17-Dec-2018 22:16:43.462 信息 [main] org.apache.catalina.startup.VersionLoggerListener.log OS Version:            6.1
17-Dec-2018 22:16:43.462 信息 [main] org.apache.catalina.startup.VersionLoggerListener.log Architecture:          amd64
17-Dec-2018 22:16:43.462 信息 [main] org.apache.catalina.startup.VersionLoggerListener.log Java Home:             C:\Program Files\Java\jdk1.8.0_131\jre
17-Dec-2018 22:16:43.462 信息 [main] org.apache.catalina.startup.VersionLoggerListener.log JVM Version:           1.8.0_131-b11
17-Dec-2018 22:16:43.463 信息 [main] org.apache.catalina.startup.VersionLoggerListener.log JVM Vendor:            Oracle Corporation
17-Dec-2018 22:16:43.463 信息 [main] org.apache.catalina.startup.VersionLoggerListener.log CATALINA_BASE:         D:\JAVAWork\IDEAWorkSpace\code\catalina-home
17-Dec-2018 22:16:43.463 信息 [main] org.apache.catalina.startup.VersionLoggerListener.log CATALINA_HOME:         D:\JAVAWork\IDEAWorkSpace\code\catalina-home
17-Dec-2018 22:16:43.463 信息 [main] org.apache.catalina.startup.VersionLoggerListener.log Command line argument: -Dcatalina.home=catalina-home
17-Dec-2018 22:16:43.463 信息 [main] org.apache.catalina.startup.VersionLoggerListener.log Command line argument: -Dcatalina.base=catalina-home
17-Dec-2018 22:16:43.463 信息 [main] org.apache.catalina.startup.VersionLoggerListener.log Command line argument: -Djava.endorsed.dirs=catalina-home/endorsed
17-Dec-2018 22:16:43.463 信息 [main] org.apache.catalina.startup.VersionLoggerListener.log Command line argument: -Djava.io.tmpdir=catalina-home/temp
17-Dec-2018 22:16:43.464 信息 [main] org.apache.catalina.startup.VersionLoggerListener.log Command line argument: -Djava.util.logging.manager=org.apache.juli.ClassLoaderLogManager
17-Dec-2018 22:16:43.464 信息 [main] org.apache.catalina.startup.VersionLoggerListener.log Command line argument: -Djava.util.logging.config.file=catalina-home/conf/logging.properties
17-Dec-2018 22:16:43.464 信息 [main] org.apache.catalina.startup.VersionLoggerListener.log Command line argument: -Didea.launcher.port=7532
17-Dec-2018 22:16:43.464 信息 [main] org.apache.catalina.startup.VersionLoggerListener.log Command line argument: -Didea.launcher.bin.path=D:\JAVAWork\IDEAInstall\IntelliJ IDEA 15.0.6\bin
17-Dec-2018 22:16:43.464 信息 [main] org.apache.catalina.startup.VersionLoggerListener.log Command line argument: -Dfile.encoding=UTF-8
17-Dec-2018 22:16:43.464 信息 [main] org.apache.catalina.core.AprLifecycleListener.lifecycleEvent The APR based Apache Tomcat Native library which allows optimal performance in production environments was not found on the java.library.path: [C:\Program Files\Java\jdk1.8.0_131\bin;C:\Windows\Sun\Java\bin;C:\Windows\system32;C:\Windows;C:\ProgramData\Oracle\Java\javapath;C:\Windows\system32;C:\Windows;C:\Windows\System32\Wbem;C:\Windows\System32\WindowsPowerShell\v1.0\;C:\Program Files (x86)\NVIDIA Corporation\PhysX\Common;C:\Program Files (x86)\AMD\ATI.ACE\Core-Static;C:\Program Files\Java\jdk1.8.0_131\bin;C:\Program Files\Java\jdk1.8.0_131\jre\bin;C:\Program Files\MySQL\MySQL Utilities 1.6\;D:\JAVAWork\SVNServer\bin;D:\JAVAWork\SVNClientInstall\bin;D:\JAVAWork\Maven\apache-maven-3.3.9\bin;D:\JAVAWork\GitInstall\Git\cmd;C:\Users\Administrator\AppData\Local\Programs\Python\Python36-32;D:\ABD;C:\Users\Administrator\AppData\Local\Programs\Python\Python36-32\Scripts;.]
17-Dec-2018 22:16:44.162 信息 [main] org.apache.coyote.AbstractProtocol.init Initializing ProtocolHandler ["http-nio-8080"]
17-Dec-2018 22:16:44.730 信息 [main] org.apache.tomcat.util.net.NioSelectorPool.getSharedSelector Using a shared selector for servlet write/read
17-Dec-2018 22:16:44.744 信息 [main] org.apache.coyote.AbstractProtocol.init Initializing ProtocolHandler ["ajp-nio-8009"]
17-Dec-2018 22:16:44.747 信息 [main] org.apache.tomcat.util.net.NioSelectorPool.getSharedSelector Using a shared selector for servlet write/read
17-Dec-2018 22:16:44.748 信息 [main] org.apache.catalina.startup.Catalina.load Initialization processed in 1946 ms
17-Dec-2018 22:16:44.804 信息 [main] org.apache.catalina.core.StandardService.startInternal Starting service [Catalina]
17-Dec-2018 22:16:44.804 信息 [main] org.apache.catalina.core.StandardEngine.startInternal Starting Servlet Engine: Apache Tomcat/@VERSION@
17-Dec-2018 22:16:44.817 信息 [localhost-startStop-1] org.apache.catalina.startup.HostConfig.deployDirectory Deploying web application directory [D:\JAVAWork\IDEAWorkSpace\code\catalina-home\webapps\docs]
17-Dec-2018 22:16:45.361 信息 [localhost-startStop-1] org.apache.catalina.startup.HostConfig.deployDirectory Deployment of web application directory [D:\JAVAWork\IDEAWorkSpace\code\catalina-home\webapps\docs] has finished in [543] ms
17-Dec-2018 22:16:45.361 信息 [localhost-startStop-1] org.apache.catalina.startup.HostConfig.deployDirectory Deploying web application directory [D:\JAVAWork\IDEAWorkSpace\code\catalina-home\webapps\examples]
17-Dec-2018 22:16:45.478 严重 [localhost-startStop-1] org.apache.catalina.core.StandardContext.startInternal One or more listeners failed to start. Full details will be found in the appropriate container log file
17-Dec-2018 22:16:45.479 严重 [localhost-startStop-1] org.apache.catalina.core.StandardContext.startInternal Context [/examples] startup failed due to previous errors
17-Dec-2018 22:16:45.490 信息 [localhost-startStop-1] org.apache.catalina.startup.HostConfig.deployDirectory Deployment of web application directory [D:\JAVAWork\IDEAWorkSpace\code\catalina-home\webapps\examples] has finished in [129] ms
17-Dec-2018 22:16:45.490 信息 [localhost-startStop-1] org.apache.catalina.startup.HostConfig.deployDirectory Deploying web application directory [D:\JAVAWork\IDEAWorkSpace\code\catalina-home\webapps\host-manager]
17-Dec-2018 22:16:45.598 信息 [localhost-startStop-1] org.apache.catalina.startup.HostConfig.deployDirectory Deployment of web application directory [D:\JAVAWork\IDEAWorkSpace\code\catalina-home\webapps\host-manager] has finished in [108] ms
17-Dec-2018 22:16:45.598 信息 [localhost-startStop-1] org.apache.catalina.startup.HostConfig.deployDirectory Deploying web application directory [D:\JAVAWork\IDEAWorkSpace\code\catalina-home\webapps\manager]
17-Dec-2018 22:16:45.675 信息 [localhost-startStop-1] org.apache.catalina.startup.HostConfig.deployDirectory Deployment of web application directory [D:\JAVAWork\IDEAWorkSpace\code\catalina-home\webapps\manager] has finished in [77] ms
17-Dec-2018 22:16:45.675 信息 [localhost-startStop-1] org.apache.catalina.startup.HostConfig.deployDirectory Deploying web application directory [D:\JAVAWork\IDEAWorkSpace\code\catalina-home\webapps\ROOT]
17-Dec-2018 22:16:45.778 信息 [localhost-startStop-1] org.apache.catalina.startup.HostConfig.deployDirectory Deployment of web application directory [D:\JAVAWork\IDEAWorkSpace\code\catalina-home\webapps\ROOT] has finished in [103] ms
17-Dec-2018 22:16:45.784 信息 [main] org.apache.coyote.AbstractProtocol.start Starting ProtocolHandler ["http-nio-8080"]
17-Dec-2018 22:16:45.799 信息 [main] org.apache.coyote.AbstractProtocol.start Starting ProtocolHandler ["ajp-nio-8009"]
17-Dec-2018 22:16:45.805 信息 [main] org.apache.catalina.startup.Catalina.start Server startup in 1056 ms
17-Dec-2018 22:19:32.483 信息 [main] org.apache.catalina.startup.VersionLoggerListener.log Server version:        Apache Tomcat/@VERSION@
17-Dec-2018 22:19:32.489 信息 [main] org.apache.catalina.startup.VersionLoggerListener.log Server built:          @VERSION_BUILT@
17-Dec-2018 22:19:32.490 信息 [main] org.apache.catalina.startup.VersionLoggerListener.log Server number:         @VERSION_NUMBER@
17-Dec-2018 22:19:32.490 信息 [main] org.apache.catalina.startup.VersionLoggerListener.log OS Name:               Windows 7
17-Dec-2018 22:19:32.490 信息 [main] org.apache.catalina.startup.VersionLoggerListener.log OS Version:            6.1
17-Dec-2018 22:19:32.490 信息 [main] org.apache.catalina.startup.VersionLoggerListener.log Architecture:          amd64
17-Dec-2018 22:19:32.490 信息 [main] org.apache.catalina.startup.VersionLoggerListener.log Java Home:             C:\Program Files\Java\jdk1.8.0_131\jre
17-Dec-2018 22:19:32.490 信息 [main] org.apache.catalina.startup.VersionLoggerListener.log JVM Version:           1.8.0_131-b11
17-Dec-2018 22:19:32.490 信息 [main] org.apache.catalina.startup.VersionLoggerListener.log JVM Vendor:            Oracle Corporation
17-Dec-2018 22:19:32.490 信息 [main] org.apache.catalina.startup.VersionLoggerListener.log CATALINA_BASE:         D:\JAVAWork\IDEAWorkSpace\code\catalina-home
17-Dec-2018 22:19:32.491 信息 [main] org.apache.catalina.startup.VersionLoggerListener.log CATALINA_HOME:         D:\JAVAWork\IDEAWorkSpace\code\catalina-home
17-Dec-2018 22:19:32.491 信息 [main] org.apache.catalina.startup.VersionLoggerListener.log Command line argument: -Dcatalina.home=catalina-home
17-Dec-2018 22:19:32.491 信息 [main] org.apache.catalina.startup.VersionLoggerListener.log Command line argument: -Dcatalina.base=catalina-home
17-Dec-2018 22:19:32.491 信息 [main] org.apache.catalina.startup.VersionLoggerListener.log Command line argument: -Djava.endorsed.dirs=catalina-home/endorsed
17-Dec-2018 22:19:32.491 信息 [main] org.apache.catalina.startup.VersionLoggerListener.log Command line argument: -Djava.io.tmpdir=catalina-home/temp
17-Dec-2018 22:19:32.491 信息 [main] org.apache.catalina.startup.VersionLoggerListener.log Command line argument: -Djava.util.logging.manager=org.apache.juli.ClassLoaderLogManager
17-Dec-2018 22:19:32.491 信息 [main] org.apache.catalina.startup.VersionLoggerListener.log Command line argument: -Djava.util.logging.config.file=catalina-home/conf/logging.properties
17-Dec-2018 22:19:32.491 信息 [main] org.apache.catalina.startup.VersionLoggerListener.log Command line argument: -Didea.launcher.port=7533
17-Dec-2018 22:19:32.491 信息 [main] org.apache.catalina.startup.VersionLoggerListener.log Command line argument: -Didea.launcher.bin.path=D:\JAVAWork\IDEAInstall\IntelliJ IDEA 15.0.6\bin
17-Dec-2018 22:19:32.491 信息 [main] org.apache.catalina.startup.VersionLoggerListener.log Command line argument: -Dfile.encoding=UTF-8
17-Dec-2018 22:19:32.492 信息 [main] org.apache.catalina.core.AprLifecycleListener.lifecycleEvent The APR based Apache Tomcat Native library which allows optimal performance in production environments was not found on the java.library.path: [C:\Program Files\Java\jdk1.8.0_131\bin;C:\Windows\Sun\Java\bin;C:\Windows\system32;C:\Windows;C:\ProgramData\Oracle\Java\javapath;C:\Windows\system32;C:\Windows;C:\Windows\System32\Wbem;C:\Windows\System32\WindowsPowerShell\v1.0\;C:\Program Files (x86)\NVIDIA Corporation\PhysX\Common;C:\Program Files (x86)\AMD\ATI.ACE\Core-Static;C:\Program Files\Java\jdk1.8.0_131\bin;C:\Program Files\Java\jdk1.8.0_131\jre\bin;C:\Program Files\MySQL\MySQL Utilities 1.6\;D:\JAVAWork\SVNServer\bin;D:\JAVAWork\SVNClientInstall\bin;D:\JAVAWork\Maven\apache-maven-3.3.9\bin;D:\JAVAWork\GitInstall\Git\cmd;C:\Users\Administrator\AppData\Local\Programs\Python\Python36-32;D:\ABD;C:\Users\Administrator\AppData\Local\Programs\Python\Python36-32\Scripts;.]
17-Dec-2018 22:19:32.636 信息 [main] org.apache.coyote.AbstractProtocol.init Initializing ProtocolHandler ["http-nio-8080"]
17-Dec-2018 22:19:32.645 严重 [main] org.apache.catalina.core.StandardService.initInternal Failed to initialize connector [Connector[HTTP/1.1-8080]]
 org.apache.catalina.LifecycleException: Failed to initialize component [Connector[HTTP/1.1-8080]]
	at org.apache.catalina.util.LifecycleBase.init(LifecycleBase.java:113)
	at org.apache.catalina.core.StandardService.initInternal(StandardService.java:552)
	at org.apache.catalina.util.LifecycleBase.init(LifecycleBase.java:107)
	at org.apache.catalina.core.StandardServer.initInternal(StandardServer.java:875)
	at org.apache.catalina.util.LifecycleBase.init(LifecycleBase.java:107)
	at org.apache.catalina.startup.Catalina.load(Catalina.java:638)
	at sun.reflect.NativeMethodAccessorImpl.invoke0(Native Method)
	at sun.reflect.NativeMethodAccessorImpl.invoke(NativeMethodAccessorImpl.java:62)
	at sun.reflect.DelegatingMethodAccessorImpl.invoke(DelegatingMethodAccessorImpl.java:43)
	at java.lang.reflect.Method.invoke(Method.java:498)
	at org.apache.catalina.startup.Bootstrap.load(Bootstrap.java:309)
	at org.apache.catalina.startup.Bootstrap.main(Bootstrap.java:492)
	at sun.reflect.NativeMethodAccessorImpl.invoke0(Native Method)
	at sun.reflect.NativeMethodAccessorImpl.invoke(NativeMethodAccessorImpl.java:62)
	at sun.reflect.DelegatingMethodAccessorImpl.invoke(DelegatingMethodAccessorImpl.java:43)
	at java.lang.reflect.Method.invoke(Method.java:498)
	at com.intellij.rt.execution.application.AppMain.main(AppMain.java:144)
Caused by: org.apache.catalina.LifecycleException: Protocol handler initialization failed
	at org.apache.catalina.connector.Connector.initInternal(Connector.java:996)
	at org.apache.catalina.util.LifecycleBase.init(LifecycleBase.java:107)
	... 16 more
Caused by: java.net.BindException: Address already in use: bind
	at sun.nio.ch.Net.bind0(Native Method)
	at sun.nio.ch.Net.bind(Net.java:433)
	at sun.nio.ch.Net.bind(Net.java:425)
	at sun.nio.ch.ServerSocketChannelImpl.bind(ServerSocketChannelImpl.java:223)
	at sun.nio.ch.ServerSocketAdaptor.bind(ServerSocketAdaptor.java:74)
	at org.apache.tomcat.util.net.NioEndpoint.bind(NioEndpoint.java:219)
	at org.apache.tomcat.util.net.AbstractEndpoint.init(AbstractEndpoint.java:1087)
	at org.apache.tomcat.util.net.AbstractJsseEndpoint.init(AbstractJsseEndpoint.java:265)
	at org.apache.coyote.AbstractProtocol.init(AbstractProtocol.java:581)
	at org.apache.coyote.http11.AbstractHttp11Protocol.init(AbstractHttp11Protocol.java:68)
	at org.apache.catalina.connector.Connector.initInternal(Connector.java:993)
	... 17 more

17-Dec-2018 22:19:32.646 信息 [main] org.apache.coyote.AbstractProtocol.init Initializing ProtocolHandler ["ajp-nio-8009"]
17-Dec-2018 22:19:32.647 严重 [main] org.apache.catalina.core.StandardService.initInternal Failed to initialize connector [Connector[AJP/1.3-8009]]
 org.apache.catalina.LifecycleException: Failed to initialize component [Connector[AJP/1.3-8009]]
	at org.apache.catalina.util.LifecycleBase.init(LifecycleBase.java:113)
	at org.apache.catalina.core.StandardService.initInternal(StandardService.java:552)
	at org.apache.catalina.util.LifecycleBase.init(LifecycleBase.java:107)
	at org.apache.catalina.core.StandardServer.initInternal(StandardServer.java:875)
	at org.apache.catalina.util.LifecycleBase.init(LifecycleBase.java:107)
	at org.apache.catalina.startup.Catalina.load(Catalina.java:638)
	at sun.reflect.NativeMethodAccessorImpl.invoke0(Native Method)
	at sun.reflect.NativeMethodAccessorImpl.invoke(NativeMethodAccessorImpl.java:62)
	at sun.reflect.DelegatingMethodAccessorImpl.invoke(DelegatingMethodAccessorImpl.java:43)
	at java.lang.reflect.Method.invoke(Method.java:498)
	at org.apache.catalina.startup.Bootstrap.load(Bootstrap.java:309)
	at org.apache.catalina.startup.Bootstrap.main(Bootstrap.java:492)
	at sun.reflect.NativeMethodAccessorImpl.invoke0(Native Method)
	at sun.reflect.NativeMethodAccessorImpl.invoke(NativeMethodAccessorImpl.java:62)
	at sun.reflect.DelegatingMethodAccessorImpl.invoke(DelegatingMethodAccessorImpl.java:43)
	at java.lang.reflect.Method.invoke(Method.java:498)
	at com.intellij.rt.execution.application.AppMain.main(AppMain.java:144)
Caused by: org.apache.catalina.LifecycleException: Protocol handler initialization failed
	at org.apache.catalina.connector.Connector.initInternal(Connector.java:996)
	at org.apache.catalina.util.LifecycleBase.init(LifecycleBase.java:107)
	... 16 more
Caused by: java.net.BindException: Address already in use: bind
	at sun.nio.ch.Net.bind0(Native Method)
	at sun.nio.ch.Net.bind(Net.java:433)
	at sun.nio.ch.Net.bind(Net.java:425)
	at sun.nio.ch.ServerSocketChannelImpl.bind(ServerSocketChannelImpl.java:223)
	at sun.nio.ch.ServerSocketAdaptor.bind(ServerSocketAdaptor.java:74)
	at org.apache.tomcat.util.net.NioEndpoint.bind(NioEndpoint.java:219)
	at org.apache.tomcat.util.net.AbstractEndpoint.init(AbstractEndpoint.java:1087)
	at org.apache.tomcat.util.net.AbstractJsseEndpoint.init(AbstractJsseEndpoint.java:265)
	at org.apache.coyote.AbstractProtocol.init(AbstractProtocol.java:581)
	at org.apache.catalina.connector.Connector.initInternal(Connector.java:993)
	... 17 more

17-Dec-2018 22:19:32.648 信息 [main] org.apache.catalina.startup.Catalina.load Initialization processed in 761 ms
17-Dec-2018 22:19:32.687 信息 [main] org.apache.catalina.core.StandardService.startInternal Starting service [Catalina]
17-Dec-2018 22:19:32.687 信息 [main] org.apache.catalina.core.StandardEngine.startInternal Starting Servlet Engine: Apache Tomcat/@VERSION@
17-Dec-2018 22:19:32.710 信息 [localhost-startStop-1] org.apache.catalina.startup.HostConfig.deployDirectory Deploying web application directory [D:\JAVAWork\IDEAWorkSpace\code\catalina-home\webapps\docs]
17-Dec-2018 22:19:33.326 信息 [localhost-startStop-1] org.apache.jasper.servlet.TldScanner.scanJars At least one JAR was scanned for TLDs yet contained no TLDs. Enable debug logging for this logger for a complete list of JARs that were scanned but no TLDs were found in them. Skipping unneeded JARs during scanning can improve startup time and JSP compilation time.
17-Dec-2018 22:19:34.073 警告 [localhost-startStop-1] org.apache.catalina.util.SessionIdGeneratorBase.createSecureRandom Creation of SecureRandom instance for session ID generation using [SHA1PRNG] took [743] milliseconds.
17-Dec-2018 22:19:34.114 信息 [localhost-startStop-1] org.apache.catalina.startup.HostConfig.deployDirectory Deployment of web application directory [D:\JAVAWork\IDEAWorkSpace\code\catalina-home\webapps\docs] has finished in [1,404] ms
17-Dec-2018 22:19:34.114 信息 [localhost-startStop-1] org.apache.catalina.startup.HostConfig.deployDirectory Deploying web application directory [D:\JAVAWork\IDEAWorkSpace\code\catalina-home\webapps\examples]
17-Dec-2018 22:19:34.474 信息 [localhost-startStop-1] org.apache.jasper.servlet.TldScanner.scanJars At least one JAR was scanned for TLDs yet contained no TLDs. Enable debug logging for this logger for a complete list of JARs that were scanned but no TLDs were found in them. Skipping unneeded JARs during scanning can improve startup time and JSP compilation time.
17-Dec-2018 22:19:34.515 严重 [localhost-startStop-1] org.apache.catalina.core.StandardContext.startInternal One or more listeners failed to start. Full details will be found in the appropriate container log file
17-Dec-2018 22:19:34.516 严重 [localhost-startStop-1] org.apache.catalina.core.StandardContext.startInternal Context [/examples] startup failed due to previous errors
17-Dec-2018 22:19:34.558 信息 [localhost-startStop-1] org.apache.catalina.startup.HostConfig.deployDirectory Deployment of web application directory [D:\JAVAWork\IDEAWorkSpace\code\catalina-home\webapps\examples] has finished in [444] ms
17-Dec-2018 22:19:34.558 信息 [localhost-startStop-1] org.apache.catalina.startup.HostConfig.deployDirectory Deploying web application directory [D:\JAVAWork\IDEAWorkSpace\code\catalina-home\webapps\host-manager]
17-Dec-2018 22:19:34.754 信息 [localhost-startStop-1] org.apache.jasper.servlet.TldScanner.scanJars At least one JAR was scanned for TLDs yet contained no TLDs. Enable debug logging for this logger for a complete list of JARs that were scanned but no TLDs were found in them. Skipping unneeded JARs during scanning can improve startup time and JSP compilation time.
17-Dec-2018 22:19:34.778 信息 [localhost-startStop-1] org.apache.catalina.startup.HostConfig.deployDirectory Deployment of web application directory [D:\JAVAWork\IDEAWorkSpace\code\catalina-home\webapps\host-manager] has finished in [220] ms
17-Dec-2018 22:19:34.781 信息 [localhost-startStop-1] org.apache.catalina.startup.HostConfig.deployDirectory Deploying web application directory [D:\JAVAWork\IDEAWorkSpace\code\catalina-home\webapps\manager]
17-Dec-2018 22:19:34.989 信息 [localhost-startStop-1] org.apache.jasper.servlet.TldScanner.scanJars At least one JAR was scanned for TLDs yet contained no TLDs. Enable debug logging for this logger for a complete list of JARs that were scanned but no TLDs were found in them. Skipping unneeded JARs during scanning can improve startup time and JSP compilation time.
17-Dec-2018 22:19:34.995 信息 [localhost-startStop-1] org.apache.catalina.startup.HostConfig.deployDirectory Deployment of web application directory [D:\JAVAWork\IDEAWorkSpace\code\catalina-home\webapps\manager] has finished in [215] ms
17-Dec-2018 22:19:34.996 信息 [localhost-startStop-1] org.apache.catalina.startup.HostConfig.deployDirectory Deploying web application directory [D:\JAVAWork\IDEAWorkSpace\code\catalina-home\webapps\ROOT]
17-Dec-2018 22:19:35.106 信息 [localhost-startStop-1] org.apache.jasper.servlet.TldScanner.scanJars At least one JAR was scanned for TLDs yet contained no TLDs. Enable debug logging for this logger for a complete list of JARs that were scanned but no TLDs were found in them. Skipping unneeded JARs during scanning can improve startup time and JSP compilation time.
17-Dec-2018 22:19:35.117 信息 [localhost-startStop-1] org.apache.catalina.startup.HostConfig.deployDirectory Deployment of web application directory [D:\JAVAWork\IDEAWorkSpace\code\catalina-home\webapps\ROOT] has finished in [120] ms
17-Dec-2018 22:19:35.195 信息 [main] org.apache.catalina.startup.Catalina.start Server startup in 2546 ms
17-Dec-2018 22:19:35.285 严重 [main] org.apache.catalina.core.StandardServer.await StandardServer.await: create[localhost:8005]: 
 java.net.BindException: Address already in use: JVM_Bind
	at java.net.DualStackPlainSocketImpl.bind0(Native Method)
	at java.net.DualStackPlainSocketImpl.socketBind(DualStackPlainSocketImpl.java:106)
	at java.net.AbstractPlainSocketImpl.bind(AbstractPlainSocketImpl.java:387)
	at java.net.PlainSocketImpl.bind(PlainSocketImpl.java:190)
	at java.net.ServerSocket.bind(ServerSocket.java:375)
	at java.net.ServerSocket.<init>(ServerSocket.java:237)
	at org.apache.catalina.core.StandardServer.await(StandardServer.java:441)
	at org.apache.catalina.startup.Catalina.await(Catalina.java:775)
	at org.apache.catalina.startup.Catalina.start(Catalina.java:721)
	at sun.reflect.NativeMethodAccessorImpl.invoke0(Native Method)
	at sun.reflect.NativeMethodAccessorImpl.invoke(NativeMethodAccessorImpl.java:62)
	at sun.reflect.DelegatingMethodAccessorImpl.invoke(DelegatingMethodAccessorImpl.java:43)
	at java.lang.reflect.Method.invoke(Method.java:498)
	at org.apache.catalina.startup.Bootstrap.start(Bootstrap.java:353)
	at org.apache.catalina.startup.Bootstrap.main(Bootstrap.java:493)
	at sun.reflect.NativeMethodAccessorImpl.invoke0(Native Method)
	at sun.reflect.NativeMethodAccessorImpl.invoke(NativeMethodAccessorImpl.java:62)
	at sun.reflect.DelegatingMethodAccessorImpl.invoke(DelegatingMethodAccessorImpl.java:43)
	at java.lang.reflect.Method.invoke(Method.java:498)
	at com.intellij.rt.execution.application.AppMain.main(AppMain.java:144)

17-Dec-2018 22:19:35.286 信息 [main] org.apache.coyote.AbstractProtocol.pause Pausing ProtocolHandler ["http-nio-8080"]
17-Dec-2018 22:19:35.286 信息 [main] org.apache.coyote.AbstractProtocol.pause Pausing ProtocolHandler ["ajp-nio-8009"]
17-Dec-2018 22:19:35.286 信息 [main] org.apache.catalina.core.StandardService.stopInternal Stopping service [Catalina]
17-Dec-2018 22:19:35.364 信息 [1] org.apache.coyote.AbstractProtocol.stop Stopping ProtocolHandler ["http-nio-8080"]
17-Dec-2018 22:19:35.364 信息 [1] org.apache.coyote.AbstractProtocol.destroy Destroying ProtocolHandler ["http-nio-8080"]
17-Dec-2018 22:19:35.367 信息 [1] org.apache.coyote.AbstractProtocol.stop Stopping ProtocolHandler ["ajp-nio-8009"]
17-Dec-2018 22:19:35.367 信息 [1] org.apache.coyote.AbstractProtocol.destroy Destroying ProtocolHandler ["ajp-nio-8009"]
17-Dec-2018 22:19:36.876 信息 [main] org.apache.catalina.startup.VersionLoggerListener.log Server version:        Apache Tomcat/@VERSION@
17-Dec-2018 22:19:36.885 信息 [main] org.apache.catalina.startup.VersionLoggerListener.log Server built:          @VERSION_BUILT@
17-Dec-2018 22:19:36.885 信息 [main] org.apache.catalina.startup.VersionLoggerListener.log Server number:         @VERSION_NUMBER@
17-Dec-2018 22:19:36.885 信息 [main] org.apache.catalina.startup.VersionLoggerListener.log OS Name:               Windows 7
17-Dec-2018 22:19:36.885 信息 [main] org.apache.catalina.startup.VersionLoggerListener.log OS Version:            6.1
17-Dec-2018 22:19:36.885 信息 [main] org.apache.catalina.startup.VersionLoggerListener.log Architecture:          amd64
17-Dec-2018 22:19:36.885 信息 [main] org.apache.catalina.startup.VersionLoggerListener.log Java Home:             C:\Program Files\Java\jdk1.8.0_131\jre
17-Dec-2018 22:19:36.885 信息 [main] org.apache.catalina.startup.VersionLoggerListener.log JVM Version:           1.8.0_131-b11
17-Dec-2018 22:19:36.885 信息 [main] org.apache.catalina.startup.VersionLoggerListener.log JVM Vendor:            Oracle Corporation
17-Dec-2018 22:19:36.885 信息 [main] org.apache.catalina.startup.VersionLoggerListener.log CATALINA_BASE:         D:\JAVAWork\IDEAWorkSpace\code\catalina-home
17-Dec-2018 22:19:36.885 信息 [main] org.apache.catalina.startup.VersionLoggerListener.log CATALINA_HOME:         D:\JAVAWork\IDEAWorkSpace\code\catalina-home
17-Dec-2018 22:19:36.886 信息 [main] org.apache.catalina.startup.VersionLoggerListener.log Command line argument: -agentlib:jdwp=transport=dt_socket,address=127.0.0.1:50877,suspend=y,server=n
17-Dec-2018 22:19:36.886 信息 [main] org.apache.catalina.startup.VersionLoggerListener.log Command line argument: -Dcatalina.home=catalina-home
17-Dec-2018 22:19:36.886 信息 [main] org.apache.catalina.startup.VersionLoggerListener.log Command line argument: -Dcatalina.base=catalina-home
17-Dec-2018 22:19:36.886 信息 [main] org.apache.catalina.startup.VersionLoggerListener.log Command line argument: -Djava.endorsed.dirs=catalina-home/endorsed
17-Dec-2018 22:19:36.886 信息 [main] org.apache.catalina.startup.VersionLoggerListener.log Command line argument: -Djava.io.tmpdir=catalina-home/temp
17-Dec-2018 22:19:36.886 信息 [main] org.apache.catalina.startup.VersionLoggerListener.log Command line argument: -Djava.util.logging.manager=org.apache.juli.ClassLoaderLogManager
17-Dec-2018 22:19:36.886 信息 [main] org.apache.catalina.startup.VersionLoggerListener.log Command line argument: -Djava.util.logging.config.file=catalina-home/conf/logging.properties
17-Dec-2018 22:19:36.886 信息 [main] org.apache.catalina.startup.VersionLoggerListener.log Command line argument: -Dfile.encoding=UTF-8
17-Dec-2018 22:19:36.886 信息 [main] org.apache.catalina.core.AprLifecycleListener.lifecycleEvent The APR based Apache Tomcat Native library which allows optimal performance in production environments was not found on the java.library.path: [C:\Program Files\Java\jdk1.8.0_131\bin;C:\Windows\Sun\Java\bin;C:\Windows\system32;C:\Windows;C:\ProgramData\Oracle\Java\javapath;C:\Windows\system32;C:\Windows;C:\Windows\System32\Wbem;C:\Windows\System32\WindowsPowerShell\v1.0\;C:\Program Files (x86)\NVIDIA Corporation\PhysX\Common;C:\Program Files (x86)\AMD\ATI.ACE\Core-Static;C:\Program Files\Java\jdk1.8.0_131\bin;C:\Program Files\Java\jdk1.8.0_131\jre\bin;C:\Program Files\MySQL\MySQL Utilities 1.6\;D:\JAVAWork\SVNServer\bin;D:\JAVAWork\SVNClientInstall\bin;D:\JAVAWork\Maven\apache-maven-3.3.9\bin;D:\JAVAWork\GitInstall\Git\cmd;C:\Users\Administrator\AppData\Local\Programs\Python\Python36-32;D:\ABD;C:\Users\Administrator\AppData\Local\Programs\Python\Python36-32\Scripts;.]
17-Dec-2018 22:19:37.240 信息 [main] org.apache.coyote.AbstractProtocol.init Initializing ProtocolHandler ["http-nio-8080"]
17-Dec-2018 22:19:37.255 严重 [main] org.apache.catalina.core.StandardService.initInternal Failed to initialize connector [Connector[HTTP/1.1-8080]]
 org.apache.catalina.LifecycleException: Failed to initialize component [Connector[HTTP/1.1-8080]]
	at org.apache.catalina.util.LifecycleBase.init(LifecycleBase.java:113)
	at org.apache.catalina.core.StandardService.initInternal(StandardService.java:552)
	at org.apache.catalina.util.LifecycleBase.init(LifecycleBase.java:107)
	at org.apache.catalina.core.StandardServer.initInternal(StandardServer.java:875)
	at org.apache.catalina.util.LifecycleBase.init(LifecycleBase.java:107)
	at org.apache.catalina.startup.Catalina.load(Catalina.java:638)
	at sun.reflect.NativeMethodAccessorImpl.invoke0(Native Method)
	at sun.reflect.NativeMethodAccessorImpl.invoke(NativeMethodAccessorImpl.java:62)
	at sun.reflect.DelegatingMethodAccessorImpl.invoke(DelegatingMethodAccessorImpl.java:43)
	at java.lang.reflect.Method.invoke(Method.java:498)
	at org.apache.catalina.startup.Bootstrap.load(Bootstrap.java:309)
	at org.apache.catalina.startup.Bootstrap.main(Bootstrap.java:492)
Caused by: org.apache.catalina.LifecycleException: Protocol handler initialization failed
	at org.apache.catalina.connector.Connector.initInternal(Connector.java:996)
	at org.apache.catalina.util.LifecycleBase.init(LifecycleBase.java:107)
	... 11 more
Caused by: java.net.BindException: Address already in use: bind
	at sun.nio.ch.Net.bind0(Native Method)
	at sun.nio.ch.Net.bind(Net.java:433)
	at sun.nio.ch.Net.bind(Net.java:425)
	at sun.nio.ch.ServerSocketChannelImpl.bind(ServerSocketChannelImpl.java:223)
	at sun.nio.ch.ServerSocketAdaptor.bind(ServerSocketAdaptor.java:74)
	at org.apache.tomcat.util.net.NioEndpoint.bind(NioEndpoint.java:219)
	at org.apache.tomcat.util.net.AbstractEndpoint.init(AbstractEndpoint.java:1087)
	at org.apache.tomcat.util.net.AbstractJsseEndpoint.init(AbstractJsseEndpoint.java:265)
	at org.apache.coyote.AbstractProtocol.init(AbstractProtocol.java:581)
	at org.apache.coyote.http11.AbstractHttp11Protocol.init(AbstractHttp11Protocol.java:68)
	at org.apache.catalina.connector.Connector.initInternal(Connector.java:993)
	... 12 more

17-Dec-2018 22:19:37.406 信息 [main] org.apache.coyote.AbstractProtocol.init Initializing ProtocolHandler ["ajp-nio-8009"]
17-Dec-2018 22:19:37.408 严重 [main] org.apache.catalina.core.StandardService.initInternal Failed to initialize connector [Connector[AJP/1.3-8009]]
 org.apache.catalina.LifecycleException: Failed to initialize component [Connector[AJP/1.3-8009]]
	at org.apache.catalina.util.LifecycleBase.init(LifecycleBase.java:113)
	at org.apache.catalina.core.StandardService.initInternal(StandardService.java:552)
	at org.apache.catalina.util.LifecycleBase.init(LifecycleBase.java:107)
	at org.apache.catalina.core.StandardServer.initInternal(StandardServer.java:875)
	at org.apache.catalina.util.LifecycleBase.init(LifecycleBase.java:107)
	at org.apache.catalina.startup.Catalina.load(Catalina.java:638)
	at sun.reflect.NativeMethodAccessorImpl.invoke0(Native Method)
	at sun.reflect.NativeMethodAccessorImpl.invoke(NativeMethodAccessorImpl.java:62)
	at sun.reflect.DelegatingMethodAccessorImpl.invoke(DelegatingMethodAccessorImpl.java:43)
	at java.lang.reflect.Method.invoke(Method.java:498)
	at org.apache.catalina.startup.Bootstrap.load(Bootstrap.java:309)
	at org.apache.catalina.startup.Bootstrap.main(Bootstrap.java:492)
Caused by: org.apache.catalina.LifecycleException: Protocol handler initialization failed
	at org.apache.catalina.connector.Connector.initInternal(Connector.java:996)
	at org.apache.catalina.util.LifecycleBase.init(LifecycleBase.java:107)
	... 11 more
Caused by: java.net.BindException: Address already in use: bind
	at sun.nio.ch.Net.bind0(Native Method)
	at sun.nio.ch.Net.bind(Net.java:433)
	at sun.nio.ch.Net.bind(Net.java:425)
	at sun.nio.ch.ServerSocketChannelImpl.bind(ServerSocketChannelImpl.java:223)
	at sun.nio.ch.ServerSocketAdaptor.bind(ServerSocketAdaptor.java:74)
	at org.apache.tomcat.util.net.NioEndpoint.bind(NioEndpoint.java:219)
	at org.apache.tomcat.util.net.AbstractEndpoint.init(AbstractEndpoint.java:1087)
	at org.apache.tomcat.util.net.AbstractJsseEndpoint.init(AbstractJsseEndpoint.java:265)
	at org.apache.coyote.AbstractProtocol.init(AbstractProtocol.java:581)
	at org.apache.catalina.connector.Connector.initInternal(Connector.java:993)
	... 12 more

17-Dec-2018 22:19:37.409 信息 [main] org.apache.catalina.startup.Catalina.load Initialization processed in 1242 ms
17-Dec-2018 22:19:37.455 信息 [main] org.apache.catalina.core.StandardService.startInternal Starting service [Catalina]
17-Dec-2018 22:19:37.455 信息 [main] org.apache.catalina.core.StandardEngine.startInternal Starting Servlet Engine: Apache Tomcat/@VERSION@
17-Dec-2018 22:19:37.473 信息 [localhost-startStop-1] org.apache.catalina.startup.HostConfig.deployDirectory Deploying web application directory [D:\JAVAWork\IDEAWorkSpace\code\catalina-home\webapps\docs]
17-Dec-2018 22:19:38.315 信息 [localhost-startStop-1] org.apache.jasper.servlet.TldScanner.scanJars At least one JAR was scanned for TLDs yet contained no TLDs. Enable debug logging for this logger for a complete list of JARs that were scanned but no TLDs were found in them. Skipping unneeded JARs during scanning can improve startup time and JSP compilation time.
17-Dec-2018 22:19:41.868 警告 [localhost-startStop-1] org.apache.catalina.util.SessionIdGeneratorBase.createSecureRandom Creation of SecureRandom instance for session ID generation using [SHA1PRNG] took [3,537] milliseconds.
17-Dec-2018 22:19:41.922 信息 [localhost-startStop-1] org.apache.catalina.startup.HostConfig.deployDirectory Deployment of web application directory [D:\JAVAWork\IDEAWorkSpace\code\catalina-home\webapps\docs] has finished in [4,449] ms
17-Dec-2018 22:19:41.922 信息 [localhost-startStop-1] org.apache.catalina.startup.HostConfig.deployDirectory Deploying web application directory [D:\JAVAWork\IDEAWorkSpace\code\catalina-home\webapps\examples]
17-Dec-2018 22:19:42.257 信息 [localhost-startStop-1] org.apache.jasper.servlet.TldScanner.scanJars At least one JAR was scanned for TLDs yet contained no TLDs. Enable debug logging for this logger for a complete list of JARs that were scanned but no TLDs were found in them. Skipping unneeded JARs during scanning can improve startup time and JSP compilation time.
17-Dec-2018 22:19:42.287 严重 [localhost-startStop-1] org.apache.catalina.core.StandardContext.startInternal One or more listeners failed to start. Full details will be found in the appropriate container log file
17-Dec-2018 22:19:42.289 严重 [localhost-startStop-1] org.apache.catalina.core.StandardContext.startInternal Context [/examples] startup failed due to previous errors
17-Dec-2018 22:19:42.300 信息 [localhost-startStop-1] org.apache.catalina.startup.HostConfig.deployDirectory Deployment of web application directory [D:\JAVAWork\IDEAWorkSpace\code\catalina-home\webapps\examples] has finished in [377] ms
17-Dec-2018 22:19:42.300 信息 [localhost-startStop-1] org.apache.catalina.startup.HostConfig.deployDirectory Deploying web application directory [D:\JAVAWork\IDEAWorkSpace\code\catalina-home\webapps\host-manager]
17-Dec-2018 22:19:42.441 信息 [localhost-startStop-1] org.apache.jasper.servlet.TldScanner.scanJars At least one JAR was scanned for TLDs yet contained no TLDs. Enable debug logging for this logger for a complete list of JARs that were scanned but no TLDs were found in them. Skipping unneeded JARs during scanning can improve startup time and JSP compilation time.
17-Dec-2018 22:19:42.452 信息 [localhost-startStop-1] org.apache.catalina.startup.HostConfig.deployDirectory Deployment of web application directory [D:\JAVAWork\IDEAWorkSpace\code\catalina-home\webapps\host-manager] has finished in [152] ms
17-Dec-2018 22:19:42.453 信息 [localhost-startStop-1] org.apache.catalina.startup.HostConfig.deployDirectory Deploying web application directory [D:\JAVAWork\IDEAWorkSpace\code\catalina-home\webapps\manager]
17-Dec-2018 22:19:42.600 信息 [localhost-startStop-1] org.apache.jasper.servlet.TldScanner.scanJars At least one JAR was scanned for TLDs yet contained no TLDs. Enable debug logging for this logger for a complete list of JARs that were scanned but no TLDs were found in them. Skipping unneeded JARs during scanning can improve startup time and JSP compilation time.
17-Dec-2018 22:19:42.603 信息 [localhost-startStop-1] org.apache.catalina.startup.HostConfig.deployDirectory Deployment of web application directory [D:\JAVAWork\IDEAWorkSpace\code\catalina-home\webapps\manager] has finished in [151] ms
17-Dec-2018 22:19:42.603 信息 [localhost-startStop-1] org.apache.catalina.startup.HostConfig.deployDirectory Deploying web application directory [D:\JAVAWork\IDEAWorkSpace\code\catalina-home\webapps\ROOT]
17-Dec-2018 22:19:42.746 信息 [localhost-startStop-1] org.apache.jasper.servlet.TldScanner.scanJars At least one JAR was scanned for TLDs yet contained no TLDs. Enable debug logging for this logger for a complete list of JARs that were scanned but no TLDs were found in them. Skipping unneeded JARs during scanning can improve startup time and JSP compilation time.
17-Dec-2018 22:19:42.749 信息 [localhost-startStop-1] org.apache.catalina.startup.HostConfig.deployDirectory Deployment of web application directory [D:\JAVAWork\IDEAWorkSpace\code\catalina-home\webapps\ROOT] has finished in [146] ms
17-Dec-2018 22:19:42.758 信息 [main] org.apache.catalina.startup.Catalina.start Server startup in 5348 ms
17-Dec-2018 22:20:43.725 信息 [main] org.apache.catalina.startup.VersionLoggerListener.log Server version:        Apache Tomcat/@VERSION@
17-Dec-2018 22:20:43.732 信息 [main] org.apache.catalina.startup.VersionLoggerListener.log Server built:          @VERSION_BUILT@
17-Dec-2018 22:20:43.732 信息 [main] org.apache.catalina.startup.VersionLoggerListener.log Server number:         @VERSION_NUMBER@
17-Dec-2018 22:20:43.732 信息 [main] org.apache.catalina.startup.VersionLoggerListener.log OS Name:               Windows 7
17-Dec-2018 22:20:43.732 信息 [main] org.apache.catalina.startup.VersionLoggerListener.log OS Version:            6.1
17-Dec-2018 22:20:43.732 信息 [main] org.apache.catalina.startup.VersionLoggerListener.log Architecture:          amd64
17-Dec-2018 22:20:43.733 信息 [main] org.apache.catalina.startup.VersionLoggerListener.log Java Home:             C:\Program Files\Java\jdk1.8.0_131\jre
17-Dec-2018 22:20:43.733 信息 [main] org.apache.catalina.startup.VersionLoggerListener.log JVM Version:           1.8.0_131-b11
17-Dec-2018 22:20:43.733 信息 [main] org.apache.catalina.startup.VersionLoggerListener.log JVM Vendor:            Oracle Corporation
17-Dec-2018 22:20:43.733 信息 [main] org.apache.catalina.startup.VersionLoggerListener.log CATALINA_BASE:         D:\JAVAWork\IDEAWorkSpace\code\catalina-home
17-Dec-2018 22:20:43.733 信息 [main] org.apache.catalina.startup.VersionLoggerListener.log CATALINA_HOME:         D:\JAVAWork\IDEAWorkSpace\code\catalina-home
17-Dec-2018 22:20:43.734 信息 [main] org.apache.catalina.startup.VersionLoggerListener.log Command line argument: -agentlib:jdwp=transport=dt_socket,address=127.0.0.1:50905,suspend=y,server=n
17-Dec-2018 22:20:43.734 信息 [main] org.apache.catalina.startup.VersionLoggerListener.log Command line argument: -Dcatalina.home=catalina-home
17-Dec-2018 22:20:43.734 信息 [main] org.apache.catalina.startup.VersionLoggerListener.log Command line argument: -Dcatalina.base=catalina-home
17-Dec-2018 22:20:43.734 信息 [main] org.apache.catalina.startup.VersionLoggerListener.log Command line argument: -Djava.endorsed.dirs=catalina-home/endorsed
17-Dec-2018 22:20:43.734 信息 [main] org.apache.catalina.startup.VersionLoggerListener.log Command line argument: -Djava.io.tmpdir=catalina-home/temp
17-Dec-2018 22:20:43.734 信息 [main] org.apache.catalina.startup.VersionLoggerListener.log Command line argument: -Djava.util.logging.manager=org.apache.juli.ClassLoaderLogManager
17-Dec-2018 22:20:43.734 信息 [main] org.apache.catalina.startup.VersionLoggerListener.log Command line argument: -Djava.util.logging.config.file=catalina-home/conf/logging.properties
17-Dec-2018 22:20:43.734 信息 [main] org.apache.catalina.startup.VersionLoggerListener.log Command line argument: -Dfile.encoding=UTF-8
17-Dec-2018 22:20:43.735 信息 [main] org.apache.catalina.core.AprLifecycleListener.lifecycleEvent The APR based Apache Tomcat Native library which allows optimal performance in production environments was not found on the java.library.path: [C:\Program Files\Java\jdk1.8.0_131\bin;C:\Windows\Sun\Java\bin;C:\Windows\system32;C:\Windows;C:\ProgramData\Oracle\Java\javapath;C:\Windows\system32;C:\Windows;C:\Windows\System32\Wbem;C:\Windows\System32\WindowsPowerShell\v1.0\;C:\Program Files (x86)\NVIDIA Corporation\PhysX\Common;C:\Program Files (x86)\AMD\ATI.ACE\Core-Static;C:\Program Files\Java\jdk1.8.0_131\bin;C:\Program Files\Java\jdk1.8.0_131\jre\bin;C:\Program Files\MySQL\MySQL Utilities 1.6\;D:\JAVAWork\SVNServer\bin;D:\JAVAWork\SVNClientInstall\bin;D:\JAVAWork\Maven\apache-maven-3.3.9\bin;D:\JAVAWork\GitInstall\Git\cmd;C:\Users\Administrator\AppData\Local\Programs\Python\Python36-32;D:\ABD;C:\Users\Administrator\AppData\Local\Programs\Python\Python36-32\Scripts;.]
17-Dec-2018 22:20:43.895 信息 [main] org.apache.coyote.AbstractProtocol.init Initializing ProtocolHandler ["http-nio-8080"]
17-Dec-2018 22:20:44.321 信息 [main] org.apache.tomcat.util.net.NioSelectorPool.getSharedSelector Using a shared selector for servlet write/read
17-Dec-2018 22:20:44.340 信息 [main] org.apache.coyote.AbstractProtocol.init Initializing ProtocolHandler ["ajp-nio-8009"]
17-Dec-2018 22:20:44.348 信息 [main] org.apache.tomcat.util.net.NioSelectorPool.getSharedSelector Using a shared selector for servlet write/read
17-Dec-2018 22:20:44.349 信息 [main] org.apache.catalina.startup.Catalina.load Initialization processed in 1284 ms
17-Dec-2018 22:20:44.400 信息 [main] org.apache.catalina.core.StandardService.startInternal Starting service [Catalina]
17-Dec-2018 22:20:44.400 信息 [main] org.apache.catalina.core.StandardEngine.startInternal Starting Servlet Engine: Apache Tomcat/@VERSION@
17-Dec-2018 22:20:44.443 信息 [localhost-startStop-1] org.apache.catalina.startup.HostConfig.deployDirectory Deploying web application directory [D:\JAVAWork\IDEAWorkSpace\code\catalina-home\webapps\docs]
17-Dec-2018 22:20:45.199 信息 [localhost-startStop-1] org.apache.jasper.servlet.TldScanner.scanJars At least one JAR was scanned for TLDs yet contained no TLDs. Enable debug logging for this logger for a complete list of JARs that were scanned but no TLDs were found in them. Skipping unneeded JARs during scanning can improve startup time and JSP compilation time.
17-Dec-2018 22:20:45.265 信息 [localhost-startStop-1] org.apache.catalina.startup.HostConfig.deployDirectory Deployment of web application directory [D:\JAVAWork\IDEAWorkSpace\code\catalina-home\webapps\docs] has finished in [821] ms
17-Dec-2018 22:20:45.265 信息 [localhost-startStop-1] org.apache.catalina.startup.HostConfig.deployDirectory Deploying web application directory [D:\JAVAWork\IDEAWorkSpace\code\catalina-home\webapps\examples]
17-Dec-2018 22:20:45.546 信息 [localhost-startStop-1] org.apache.jasper.servlet.TldScanner.scanJars At least one JAR was scanned for TLDs yet contained no TLDs. Enable debug logging for this logger for a complete list of JARs that were scanned but no TLDs were found in them. Skipping unneeded JARs during scanning can improve startup time and JSP compilation time.
17-Dec-2018 22:20:45.570 严重 [localhost-startStop-1] org.apache.catalina.core.StandardContext.startInternal One or more listeners failed to start. Full details will be found in the appropriate container log file
17-Dec-2018 22:20:45.571 严重 [localhost-startStop-1] org.apache.catalina.core.StandardContext.startInternal Context [/examples] startup failed due to previous errors
17-Dec-2018 22:20:45.580 信息 [localhost-startStop-1] org.apache.catalina.startup.HostConfig.deployDirectory Deployment of web application directory [D:\JAVAWork\IDEAWorkSpace\code\catalina-home\webapps\examples] has finished in [315] ms
17-Dec-2018 22:20:45.581 信息 [localhost-startStop-1] org.apache.catalina.startup.HostConfig.deployDirectory Deploying web application directory [D:\JAVAWork\IDEAWorkSpace\code\catalina-home\webapps\host-manager]
17-Dec-2018 22:20:45.739 信息 [localhost-startStop-1] org.apache.jasper.servlet.TldScanner.scanJars At least one JAR was scanned for TLDs yet contained no TLDs. Enable debug logging for this logger for a complete list of JARs that were scanned but no TLDs were found in them. Skipping unneeded JARs during scanning can improve startup time and JSP compilation time.
17-Dec-2018 22:20:45.754 信息 [localhost-startStop-1] org.apache.catalina.startup.HostConfig.deployDirectory Deployment of web application directory [D:\JAVAWork\IDEAWorkSpace\code\catalina-home\webapps\host-manager] has finished in [173] ms
17-Dec-2018 22:20:45.754 信息 [localhost-startStop-1] org.apache.catalina.startup.HostConfig.deployDirectory Deploying web application directory [D:\JAVAWork\IDEAWorkSpace\code\catalina-home\webapps\manager]
17-Dec-2018 22:20:45.958 信息 [localhost-startStop-1] org.apache.jasper.servlet.TldScanner.scanJars At least one JAR was scanned for TLDs yet contained no TLDs. Enable debug logging for this logger for a complete list of JARs that were scanned but no TLDs were found in them. Skipping unneeded JARs during scanning can improve startup time and JSP compilation time.
17-Dec-2018 22:20:45.962 信息 [localhost-startStop-1] org.apache.catalina.startup.HostConfig.deployDirectory Deployment of web application directory [D:\JAVAWork\IDEAWorkSpace\code\catalina-home\webapps\manager] has finished in [208] ms
17-Dec-2018 22:20:45.962 信息 [localhost-startStop-1] org.apache.catalina.startup.HostConfig.deployDirectory Deploying web application directory [D:\JAVAWork\IDEAWorkSpace\code\catalina-home\webapps\ROOT]
17-Dec-2018 22:20:46.077 信息 [localhost-startStop-1] org.apache.jasper.servlet.TldScanner.scanJars At least one JAR was scanned for TLDs yet contained no TLDs. Enable debug logging for this logger for a complete list of JARs that were scanned but no TLDs were found in them. Skipping unneeded JARs during scanning can improve startup time and JSP compilation time.
17-Dec-2018 22:20:46.079 信息 [localhost-startStop-1] org.apache.catalina.startup.HostConfig.deployDirectory Deployment of web application directory [D:\JAVAWork\IDEAWorkSpace\code\catalina-home\webapps\ROOT] has finished in [117] ms
17-Dec-2018 22:20:46.088 信息 [main] org.apache.coyote.AbstractProtocol.start Starting ProtocolHandler ["http-nio-8080"]
17-Dec-2018 22:20:46.113 信息 [main] org.apache.coyote.AbstractProtocol.start Starting ProtocolHandler ["ajp-nio-8009"]
17-Dec-2018 22:20:46.118 信息 [main] org.apache.catalina.startup.Catalina.start Server startup in 1768 ms
